object_name	size(bytes)	size(Gb)	md5
1000_genome_ref_files.3-7-16.tar.gz	4272848425	3.97940019611	8a04d8165b62854c433c90e60db6c482
HG00103.alt_bwamem_GRCh38DH.20150826.GBR.exome.cram	3020542338	2.81309926696	b6998c4c5409d64c9e332fd3fe9497c6-29
HG00115.alt_bwamem_GRCh38DH.20150826.GBR.exome.cram	1987145382	1.8506733533	baaa3fc40eda0da83f7d023e12d92d43-19
HG00117.alt_bwamem_GRCh38DH.20150826.GBR.exome.cram	5428862369	5.05602207873	df27da2c2bb1cbd2ae92991b47ab1281-52
HG00120.alt_bwamem_GRCh38DH.20150826.GBR.exome.cram	6543140512	6.09377446771	9ba6d7b772e699b52ee8bc5542ffc729-63
HG00125.alt_bwamem_GRCh38DH.20150826.GBR.exome.cram	3099465226	2.88660193421	66c27b1fa41f11fc5f9b93b5564948b2-30
HG00128.alt_bwamem_GRCh38DH.20150826.GBR.exome.cram	2987088897	2.78194332216	d625163c3ecbb6b12de766b3a57fbac5-29
HG00131.alt_bwamem_GRCh38DH.20150826.GBR.exome.cram	6809902259	6.34221570473	7eef4ebf2de4cb0cd8830237a02d64fd-65
HG00135.alt_bwamem_GRCh38DH.20150826.GBR.exome.cram	1842596781	1.71605197806	b0e13a2cae50617252608816d9ff96a6-18
HG00143.alt_bwamem_GRCh38DH.20150826.GBR.exome.cram	2712309420	2.52603499219	b4e37a03518c37b10306462413ac026a-26
HG00146.alt_bwamem_GRCh38DH.20150826.GBR.exome.cram	3691463379	3.43794317823	cddd31e0e47a98198984183807f98880-36
HG00151.alt_bwamem_GRCh38DH.20150826.GBR.exome.cram	1880715077	1.75155240763	906acf9bf5800a2e3174cb234f9a5ce2-18
HG00152.alt_bwamem_GRCh38DH.20150826.GBR.exome.cram	1894064465	1.76398499403	ce543870acc5bfe3c3559e792c655453-19
HG00154.alt_bwamem_GRCh38DH.20150826.GBR.exome.cram	3783066315	3.52325506043	e76cd6a93261a936e69fbc3411d78001-37
HG00155.alt_bwamem_GRCh38DH.20150826.GBR.exome.cram	4049261040	3.77116821706	c510d42a1906a53e8de41c5372059689-39
HG00159.alt_bwamem_GRCh38DH.20150826.GBR.exome.cram	5775450036	5.37880699709	da388bb524a846916e06c32ef13741dc-56
HG00173.alt_bwamem_GRCh38DH.20150826.FIN.exome.cram	2270551568	2.11461593211	75d922baab5b292482a21faa6414b80d-22
HG00187.alt_bwamem_GRCh38DH.20150826.FIN.exome.cram	3581191238	3.33524424396	8acff9617337ee70271585ffd1f7f1ed-35
HG00188.alt_bwamem_GRCh38DH.20150826.FIN.exome.cram	3413805274	3.17935391702	5333b1e4d8b8bac370e0766d51bdcd97-33
HG00190.alt_bwamem_GRCh38DH.20150826.FIN.exome.cram	3340900430	3.11145599	9c70cf8c908db02501aacdef7ced3a15-32
HG00233.alt_bwamem_GRCh38DH.20150826.GBR.exome.cram	3455361193	3.21805588249	5691a4ba490c1ca5373b84c143978334-33
HG00234.alt_bwamem_GRCh38DH.20150826.GBR.exome.cram	1689000130	1.5730039496	0121733ba29f8ba7219c790e76f62ba8-17
HG00240.alt_bwamem_GRCh38DH.20150826.GBR.exome.cram	3311517347	3.08409086149	2d2335fea1394157210ee4cf950cb468-32
HG00242.alt_bwamem_GRCh38DH.20150826.GBR.exome.cram	7019443269	6.53736597765	da39b1d5e4d62084f6f260fd0ad862f9-67
HG00246.alt_bwamem_GRCh38DH.20150826.GBR.exome.cram	3337778946	3.10854888149	1443ef8ff89270a7efd5c1e30a0f64ab-32
HG00251.alt_bwamem_GRCh38DH.20150826.GBR.exome.cram	3330598309	3.10186139215	5ce72172542e8d21a58b061955d6821f-32
HG00253.alt_bwamem_GRCh38DH.20150826.GBR.exome.cram	2805640477	2.61295631249	2c9d01c55801e090c30671dc0bb787eb-27
HG00256.alt_bwamem_GRCh38DH.20150826.GBR.exome.cram	3166883873	2.94939044211	80819dd916f3f0d72d5bded0a2a96494-31
HG00257.alt_bwamem_GRCh38DH.20150826.GBR.exome.cram	4251486996	3.95950581506	a00cf7a13747cb30b8c7cf9bb8a071f5-41
HG00258.alt_bwamem_GRCh38DH.20150826.GBR.exome.cram	5744519635	5.3500008164	3874e4dcfb72528055cab4a1818b95da-55
HG00264.alt_bwamem_GRCh38DH.20150826.GBR.exome.cram	6824356503	6.35567726847	59871a683f73f5b2ec566709c8d27372-66
HG00265.alt_bwamem_GRCh38DH.20150826.GBR.exome.cram	5195216903	4.83842278179	3e8392bd906763aa675588671c9e4b5b-50
HG00269.alt_bwamem_GRCh38DH.20150826.FIN.exome.cram	2817568298	2.62406496145	c6c5cfa68077f5260306c086fa881f02-27
HG00271.alt_bwamem_GRCh38DH.20150826.FIN.exome.cram	3943668730	3.67282771505	8d5f9b53c972db719f19b63a38cf3a7f-38
HG00276.alt_bwamem_GRCh38DH.20150826.FIN.exome.cram	3973949323	3.70102871489	65ee8973e8ee6be3811dd9872aaeac66-38
HG00290.alt_bwamem_GRCh38DH.20150826.FIN.exome.cram	5111360623	4.7603255352	371ad7d475f6987748946a63af023b9a-49
HG00303.alt_bwamem_GRCh38DH.20150826.FIN.exome.cram	1532292068	1.42705819383	1fb041b67b58a635eae72ded9f19616d-15
HG00311.alt_bwamem_GRCh38DH.20150826.FIN.exome.cram	1834476024	1.70848893374	e6f35a07d1024dff40df15360095f32a-18
HG00313.alt_bwamem_GRCh38DH.20150826.FIN.exome.cram	2919785655	2.71926229354	999283a11042fd8ea6694a7b361ec978-28
HG00327.alt_bwamem_GRCh38DH.20150826.FIN.exome.cram	3032789450	2.82450527884	56a2c04b749292f809f6dc7a84b24e7e-29
HG00334.alt_bwamem_GRCh38DH.20150826.FIN.exome.cram	3485422806	3.24605294131	d88a329e2aa969567e0c7918b61aa3d0-34
HG00337.alt_bwamem_GRCh38DH.20150826.FIN.exome.cram	2976425026	2.77201181836	ee841d4c1097d0362cff11559ca06721-29
HG00341.alt_bwamem_GRCh38DH.20150826.FIN.exome.cram	3359158969	3.12846057955	44cd41065113b9a04c408a90c17a6194-33
HG00343.alt_bwamem_GRCh38DH.20150826.FIN.exome.cram	2887225747	2.68893851619	407368512f4ade33812e8eae5d2cf8a9-28
HG00345.alt_bwamem_GRCh38DH.20150826.FIN.exome.cram	3402610088	3.16892758757	235c65c4d65f3cdbe77810c82e495335-33
HG00346.alt_bwamem_GRCh38DH.20150826.FIN.exome.cram	3313587505	3.08601884637	d737bb1164db452feb6bf66577e48348-32
HG00350.alt_bwamem_GRCh38DH.20150826.FIN.exome.cram	2098806044	1.95466544852	53d5708fbfd459f1a9253fc15545296c-21
HG00357.alt_bwamem_GRCh38DH.20150826.FIN.exome.cram	2437595586	2.27018779702	769384851de7b44c9c18e4a9ef0395b8-24
HG00372.alt_bwamem_GRCh38DH.20150826.FIN.exome.cram	2250309308	2.09576385841	3f6d6ea57108a8134b570107b1d94cb4-22
HG00379.alt_bwamem_GRCh38DH.20150826.FIN.exome.cram	1692694377	1.57644448522	795c7cd05f643f12c9c3ea25e52f4b8a-17
HG00418.alt_bwamem_GRCh38DH.20150826.CHS.exome.cram	3108441683	2.89496191125	b13e5203339b4e074ef093d526a1c740-30
HG00442.alt_bwamem_GRCh38DH.20150826.CHS.exome.cram	3192768934	2.97349778377	36faa08f2ff088d32f4f4d3b202d55e7-31
HG00449.alt_bwamem_GRCh38DH.20150826.CHS.exome.cram	4233482695	3.9427380031	67632feb2fe7ba9f5295fc23aabc9e1b-41
HG00452.alt_bwamem_GRCh38DH.20150826.CHS.exome.cram	4576135428	4.26185822859	43799e4cd91c61df4d0418cd9a8e9e5f-44
HG00472.alt_bwamem_GRCh38DH.20150826.CHS.exome.cram	3051187382	2.84163968824	a08d299514e917287a41c0b449171887-30
HG00478.alt_bwamem_GRCh38DH.20150826.CHS.exome.cram	3631631606	3.38222049735	eb8373681f3c80f69ba1721f57c7a39d-35
HG00479.alt_bwamem_GRCh38DH.20150826.CHS.exome.cram	3696604430	3.44273115508	9ec333ed0fca0ab96a5cc9217774e38b-36
HG00500.alt_bwamem_GRCh38DH.20150826.CHS.exome.cram	3337775929	3.10854607169	8e6e62f85e492a410b5d251fc27fbade-32
HG00525.alt_bwamem_GRCh38DH.20150826.CHS.exome.cram	3536259219	3.29339804035	cec322ec6ba3c67ced43e22deea0c1ed-34
HG00534.alt_bwamem_GRCh38DH.20150826.CHS.exome.cram	4086850708	3.80617632344	4237564816582bc048126e098e18eb87
HG00536.alt_bwamem_GRCh38DH.20150826.CHS.exome.cram	3858844597	3.59382908512	168f0da5c551e56a14b11a647d290e9b
HG00537.alt_bwamem_GRCh38DH.20150826.CHS.exome.cram	4208232423	3.91922185477	a794e9f7595cb96258246fb1b98943c1
HG00542.alt_bwamem_GRCh38DH.20150826.CHS.exome.cram	3280405759	3.05511593726	b7af34874263f11a507dcbe189390832
HG00557.alt_bwamem_GRCh38DH.20150826.CHS.exome.cram	5039137997	4.69306297321	5099d812f685f3ac282f4a94d8dbfadc-49
HG00565.alt_bwamem_GRCh38DH.20150826.CHS.exome.cram	1952807193	1.81869342271	41cb9516608b537ad4e467370f5f8383-19
HG00566.alt_bwamem_GRCh38DH.20150826.CHS.exome.cram	1724086121	1.60568032507	aea94f4b2837ab01aeaabf9be0911e49-17
HG00580.alt_bwamem_GRCh38DH.20150826.CHS.exome.cram	3117125407	2.90304925945	414afa6e022bd677f4454eb394f58cec-30
HG00583.alt_bwamem_GRCh38DH.20150826.CHS.exome.cram	2961760473	2.75835438911	98d31c8c9c34dd9b86bcdcface4edc58-29
HG00589.alt_bwamem_GRCh38DH.20150826.CHS.exome.cram	2814307738	2.62102832831	9482066019665e7e111fff3e869f0242-27
HG00592.alt_bwamem_GRCh38DH.20150826.CHS.exome.cram	2035070891	1.89530746173	c6087f173412e48758b5bee499c5a0ec-20
HG00593.alt_bwamem_GRCh38DH.20150826.CHS.exome.cram	2204504772	2.05310506001	3fd67e5af901535e2174eb946180dddf-22
HG00595.alt_bwamem_GRCh38DH.20150826.CHS.exome.cram	2153668849	2.00576041732	0166d238571ed44ecb9e5965f9858cb4-21
HG00596.alt_bwamem_GRCh38DH.20150826.CHS.exome.cram	2131665286	1.98526800238	59f47befbbe4702f086aeffe2403c11e-21
HG00598.alt_bwamem_GRCh38DH.20150826.CHS.exome.cram	3072324583	2.86132524069	f5dd271048c3eb185ce4086d8e8edcc7-30
HG00622.alt_bwamem_GRCh38DH.20150826.CHS.exome.cram	2453344561	2.28485517297	54dbcace5573a05e4eac7ec84602a2bd-24
HG00629.alt_bwamem_GRCh38DH.20150826.CHS.exome.cram	2578389916	2.40131273493	d9f654a8ba36bc1f8481ccea22853064-25
HG00653.alt_bwamem_GRCh38DH.20150826.CHS.exome.cram	3674663849	3.4222973967	b933c969062397426722432feaf77513-36
HG00663.alt_bwamem_GRCh38DH.20150826.CHS.exome.cram	3056179223	2.84628870245	d1b8ac69d0d4a8c61853ba7e97f09068-30
HG00701.alt_bwamem_GRCh38DH.20150826.CHS.exome.cram	3418466128	3.18369467556	b55bc85a6273fcfb2b03b6934c1273e4-33
HG00729.alt_bwamem_GRCh38DH.20150826.CHS.exome.cram	2572333456	2.39567221701	071ac445a2a441ccd4b2719286219b6a-25
HG00734.alt_bwamem_GRCh38DH.20150826.PUR.exome.cram	7628142180	7.10426101461	a48d4910e3353df0c02c529cabe4790b-73
HG00736.alt_bwamem_GRCh38DH.20150826.PUR.exome.cram	4227113588	3.93680630997	d1fdae8bd8384181d869d5a2a39fa4d5-41
HG00759.alt_bwamem_GRCh38DH.20150826.CDX.exome.cram	8657914942	8.06331163459	7b8814caabbfad743c0be7f202141c67-83
HG00867.alt_bwamem_GRCh38DH.20150826.CDX.exome.cram	8748423242	8.14760405757	b2dc9d50d02760a31c79f3d2b74646ae-84
HG00879.alt_bwamem_GRCh38DH.20150826.CDX.exome.cram	2882735256	2.68475642055	f5f819afda2a9a83b528972126e66bbc-28
HG00956.alt_bwamem_GRCh38DH.20150826.CDX.exome.cram	2251952106	2.09729383327	8b9dc526026ffe09c3464a1f008da421-22
HG00982.alt_bwamem_GRCh38DH.20150826.CDX.exome.cram	3151751200	2.93529704213	769aec0b9322921f59a6c1e54ffc15bd-31
HG01028.alt_bwamem_GRCh38DH.20150826.CDX.exome.cram	4129395277	3.84579904098	cfeb7e9346afbd8b9ef5f9bd1dacdeaa-40
HG01031.alt_bwamem_GRCh38DH.20150826.CDX.exome.cram	2844881321	2.64950219635	3ca8b86103955a67d10d95276007adfc-28
HG01061.alt_bwamem_GRCh38DH.20150826.PUR.exome.cram	3430766683	3.19515046012	3d45e5eeb6e507a418e61a71e2dff84a-33
HG01063.alt_bwamem_GRCh38DH.20150826.PUR.exome.cram	2043231089	1.90290723834	4a6dbb1db02e0352d2399077471962ef-20
HG01064.alt_bwamem_GRCh38DH.20150826.PUR.exome.cram	2033866778	1.89418604411	b64038334ab5d7020a1f7623f037934f-20
HG01066.alt_bwamem_GRCh38DH.20150826.PUR.exome.cram	9502279153	8.84968708549	e0cdcf835b75c0780d56ddcc9e067c6a-91
HG01067.alt_bwamem_GRCh38DH.20150826.PUR.exome.cram	4500335033	4.19126360957	4e8ed099e0e16403eb69ae41f68a592b-43
HG01070.alt_bwamem_GRCh38DH.20150826.PUR.exome.cram	3087691998	2.8756372612	c04301eeb3bbf06f23069b05da4511e8-30
HG01086.alt_bwamem_GRCh38DH.20150826.PUR.exome.cram	3356596279	3.1260738885	c419003ad953ca6c431c5aeacce17dc9-33
HG01088.alt_bwamem_GRCh38DH.20150826.PUR.exome.cram	2188623046	2.03831405006	4bf8481b87f04a7d677900f752dc038e-21
HG01098.alt_bwamem_GRCh38DH.20150826.PUR.exome.cram	3366245701	3.13506061304	68259e11e2613830b88c68d181f1edf1-33
HG01105.alt_bwamem_GRCh38DH.20150826.PUR.exome.cram	3252387575	3.02902197	807ff18ebf3aeb808d39fba11e37a1e0-32
HG01107.alt_bwamem_GRCh38DH.20150826.PUR.exome.cram	3688120986	3.43483033217	9f0b378ada79226883f06673a27ee42f-36
HG01108.alt_bwamem_GRCh38DH.20150826.PUR.exome.cram	3951844709	3.68044218887	a15076f61b7cf29b4a3ccd2ff4b9bc14-38
HG01111.alt_bwamem_GRCh38DH.20150826.PUR.exome.cram	9346567329	8.70466914866	45374852d400674591e90fb9cd092bbe-90
HG01124.alt_bwamem_GRCh38DH.20150826.CLM.exome.cram	2135045081	1.98841568176	c44d3c5caab1fbbb8314c78d1f5bd9b2-21
HG01133.alt_bwamem_GRCh38DH.20150826.CLM.exome.cram	2087902757	1.9445109712	c4d45f0eb4252eafd4f3c58856cb1cbf-20
HG01149.alt_bwamem_GRCh38DH.20150826.CLM.exome.cram	2139007997	1.99210643489	379b9aea85d677777fad55328de1bdec-21
HG01162.alt_bwamem_GRCh38DH.20150826.PUR.exome.cram	1442577347	1.34350484889	324a4c13974fa58e6edafff5c8be048e-14
HG01167.alt_bwamem_GRCh38DH.20150826.PUR.exome.cram	4340530923	4.04243443441	3bbf3c443ea71e3791a347caf1958700-42
HG01176.alt_bwamem_GRCh38DH.20150826.PUR.exome.cram	6549141828	6.09936362877	f7752166e1a7a731eb0631d7a4675e58-63
HG01182.alt_bwamem_GRCh38DH.20150826.PUR.exome.cram	3732178574	3.47586215846	4fdb7613122a795c5143790706b63159-36
HG01204.alt_bwamem_GRCh38DH.20150826.PUR.exome.cram	4170598641	3.88417266402	4eea5b90c87cdceb2f822be1bf5de8b1-40
HG01241.alt_bwamem_GRCh38DH.20150826.PUR.exome.cram	5967421877	5.5575947063	a4981d62b0697d62ef8958828dc95282-57
HG01248.alt_bwamem_GRCh38DH.20150826.PUR.exome.cram	6758068629	6.29394187499	12f86f486a2169b92e26e0de92536e21-65
HG01250.alt_bwamem_GRCh38DH.20150826.CLM.exome.cram	3468637635	3.23042053264	aeaa61499e8255ec33d8017269c60646-34
HG01253.alt_bwamem_GRCh38DH.20150826.CLM.exome.cram	3398067993	3.16469743196	1f27d4b86982e73bb0d90ceb7db30bbd-33
HG01256.alt_bwamem_GRCh38DH.20150826.CLM.exome.cram	1692374692	1.57614675537	4e3f71a26d7e24db54011c0ea148aa5f-17
HG01260.alt_bwamem_GRCh38DH.20150826.CLM.exome.cram	3481268171	3.24218363594	75942c92bf2f22cec106deb34f0f8a0d-34
HG01271.alt_bwamem_GRCh38DH.20150826.CLM.exome.cram	2162253078	2.01375510357	bc1ed83401461b6f9c9771372a8fe588-21
HG01274.alt_bwamem_GRCh38DH.20150826.CLM.exome.cram	1988573055	1.85200297739	297c5ce3a04edb312a1d18c93582f830-19
HG01275.alt_bwamem_GRCh38DH.20150826.CLM.exome.cram	2359893722	2.19782229699	5e2e63828641e8e1cdeff434eaa18380-23
HG01281.alt_bwamem_GRCh38DH.20150826.CLM.exome.cram	4426646809	4.12263610307	e35235d69c90e435e93f7bb353a6fb2f-43
HG01286.alt_bwamem_GRCh38DH.20150826.PUR.exome.cram	1666414809	1.5519697303	734b438c877ea08441bc2ab6b0209d9a-16
HG01323.alt_bwamem_GRCh38DH.20150826.PUR.exome.cram	1926050518	1.79377432726	3415e782291e3e56bd3cd62fa404891c
HG01325.alt_bwamem_GRCh38DH.20150826.PUR.exome.cram	1887780327	1.75813243445	f1e4cdfd1531bb3fd46c04a6976ef1af-19
HG01334.alt_bwamem_GRCh38DH.20150826.GBR.exome.cram	2941666719	2.7396406224	6bc6311f625221551b6a97bcf160cc4d
HG01347.alt_bwamem_GRCh38DH.20150826.CLM.exome.cram	2107990955	1.96321956348	2ecb9cee7d8414bcaa129db940ba0b27-21
HG01360.alt_bwamem_GRCh38DH.20150826.CLM.exome.cram	3423373465	3.18826498929	3210f743183e45b2bd17a98f65a68809-33
HG01365.alt_bwamem_GRCh38DH.20150826.CLM.exome.cram	2531908361	2.35802341346	be41aae0cef29a1e57970c18b7340ae5-25
HG01393.alt_bwamem_GRCh38DH.20150826.PUR.exome.cram	3357073497	3.1265183324	df7e22eb6099313fecf973206b0dfac9-33
HG01395.alt_bwamem_GRCh38DH.20150826.PUR.exome.cram	3926977526	3.65728281997	5930633c3116d94b0594b979ccadb8fb-38
HG01396.alt_bwamem_GRCh38DH.20150826.PUR.exome.cram	4220267310	3.93043021671	7d7b0655c94a70c4028ea0736147a605-41
HG01402.alt_bwamem_GRCh38DH.20150826.PUR.exome.cram	4277459660	3.98369474337	fda74a071ac71c2d73cc3d5de5f27b08-41
HG01414.alt_bwamem_GRCh38DH.20150826.PUR.exome.cram	3304687888	3.07773043215	d6b2172809c94d61e0a06820a3d1d3c1-32
HG01431.alt_bwamem_GRCh38DH.20150826.CLM.exome.cram	4483528319	4.17561113741	60e0a795a601a92b60cd5a393af5fad4-43
HG01432.alt_bwamem_GRCh38DH.20150826.CLM.exome.cram	4338507988	4.04055042937	8f3ad63eaf3635d4812af9ffd51c1e01-42
HG01437.alt_bwamem_GRCh38DH.20150826.CLM.exome.cram	5045389700	4.69888532534	570242d81ee49617a5d7dd3c4607cf4b-49
HG01438.alt_bwamem_GRCh38DH.20150826.CLM.exome.cram	4228834774	3.93840928935	55ebe218a5e74641a65dac290afca8d7-41
HG01441.alt_bwamem_GRCh38DH.20150826.CLM.exome.cram	4567667806	4.25397214107	d63fd3fd1b9c8e993b32fb500ac2077a-44
HG01462.alt_bwamem_GRCh38DH.20150826.CLM.exome.cram	4576571046	4.26226392947	4c858fc748dc44503f06e003c6be8cc7-44
HG01480.alt_bwamem_GRCh38DH.20150826.CLM.exome.cram	2383007968	2.21934911609	d03f892d4e646da8a5ab37b611206fb9-23
HG01483.alt_bwamem_GRCh38DH.20150826.CLM.exome.cram	2150540878	2.00284726731	de99dbd73de2c91d25dc802ef6fd8c54-21
HG01488.alt_bwamem_GRCh38DH.20150826.CLM.exome.cram	4061685071	3.7827389976	55b74edff5deb27ae2ababe9493526ec-39
HG01492.alt_bwamem_GRCh38DH.20150826.CLM.exome.cram	5117959822	4.7664715182	06e9866d78c92ae3d099c15138fff020-49
HG01494.alt_bwamem_GRCh38DH.20150826.CLM.exome.cram	2928737493	2.72759934235	0ed35a67fff0074d5975e0632f44775e-28
HG01495.alt_bwamem_GRCh38DH.20150826.CLM.exome.cram	3282227795	3.05681284051	6d63b1646431f4507498bb25deaa6977-32
HG01509.alt_bwamem_GRCh38DH.20150826.IBS.exome.cram	3624127073	3.37523135636	cb8878f9bda12f8520763d135f0b6822-35
HG01512.alt_bwamem_GRCh38DH.20150826.IBS.exome.cram	3256392013	3.0327513935	578f9fe62182cbe99473592451117d0e-32
HG01515.alt_bwamem_GRCh38DH.20150826.IBS.exome.cram	5344637818	4.97758185305	dde225d1c66f77dcb22f7bab87bb6ca8-51
HG01521.alt_bwamem_GRCh38DH.20150826.IBS.exome.cram	10280900516	9.57483473793	47ee13d44d95cf5f5f70426a2d367ce3-99
HG01525.alt_bwamem_GRCh38DH.20150826.IBS.exome.cram	3527324380	3.28507682309	c07a0b367dad03c1b6e2682a6691a389-34
HG01527.alt_bwamem_GRCh38DH.20150826.IBS.exome.cram	2915290515	2.71507586818	8900919dea75b44f2a4ab039c0701c21-28
HG01565.alt_bwamem_GRCh38DH.20150826.PEL.exome.cram	6611951136	6.15785935521	4f615af71506f7006da6758f72aaab22-64
HG01572.alt_bwamem_GRCh38DH.20150826.PEL.exome.cram	2176213285	2.0267565595	9d0c4ca447592f6f7202f59a0415d2aa-21
HG01577.alt_bwamem_GRCh38DH.20150826.PEL.exome.cram	3917215585	3.64819130395	fe15fd4fc7272cc576d1d8b7f0460b6e-38
HG01590.alt_bwamem_GRCh38DH.20150826.PJL.exome.cram	1692245250	1.57602620311	735efa449f248be23fbbadc08744adef-17
HG01596.alt_bwamem_GRCh38DH.20150826.KHV.exome.cram	3424210413	3.18904445786	2337bd57be7cf5b4044adc34ea1fd9d5-33
HG01600.alt_bwamem_GRCh38DH.20150826.KHV.exome.cram	3620770631	3.37210542616	00380e9f4d0134ed7f325cd0021910de-35
HG01602.alt_bwamem_GRCh38DH.20150826.IBS.exome.cram	2540239788	2.3657826595	700f9497117a67439e24105076c945cb-25
HG01605.alt_bwamem_GRCh38DH.20150826.IBS.exome.cram	2491049916	2.31997102126	a934584798b658e9cbbf79102629e8c2-24
HG01608.alt_bwamem_GRCh38DH.20150826.IBS.exome.cram	2130301637	1.98399800528	e93f55d25e269b09e86ae33346dc8f6b-21
HG01613.alt_bwamem_GRCh38DH.20150826.IBS.exome.cram	2937932170	2.73616255261	cca99441217a61667406535a139a0b34-29
HG01615.alt_bwamem_GRCh38DH.20150826.IBS.exome.cram	1999510469	1.86218923796	a062dde13af0c04acfe203080d73992c-20
HG01618.alt_bwamem_GRCh38DH.20150826.IBS.exome.cram	2631562636	2.45083368942	68d367de14ade0d20043c1d139e6c5bc-26
HG01625.alt_bwamem_GRCh38DH.20150826.IBS.exome.cram	2147500670	2.00001585297	4c3d0493f30ddb300eb8647c3a0efe72-21
HG01628.alt_bwamem_GRCh38DH.20150826.IBS.exome.cram	2275939804	2.11963411793	c5bdad730b6b9ce8518d5fdda116092a-22
HG01630.alt_bwamem_GRCh38DH.20150826.IBS.exome.cram	2413589932	2.24783078954	84b253f272ac18556c4496ce2a363031-24
HG01669.alt_bwamem_GRCh38DH.20150826.IBS.exome.cram	2101454830	1.95713232271	99640f9c08d8cbd4fbcdf379eb2a5a9f-21
HG01673.alt_bwamem_GRCh38DH.20150826.IBS.exome.cram	3559140512	3.31470790505	0fdf72d22a54acaf947423110b1cb8b6-34
HG01675.alt_bwamem_GRCh38DH.20150826.IBS.exome.cram	3523396964	3.2814191319	efcfc52bcb5508185e5f6e99b5758df1-34
HG01678.alt_bwamem_GRCh38DH.20150826.IBS.exome.cram	3874169061	3.60810110439	4520586d394d3ed7f7ca2668874535eb-37
HG01684.alt_bwamem_GRCh38DH.20150826.IBS.exome.cram	3984609986	3.710957231	f2fc4ffdcbfe81d4b3aacc17010a2b39-39
HG01694.alt_bwamem_GRCh38DH.20150826.IBS.exome.cram	3464623497	3.2266820753	f0e5fde9aa9e72ab34ac34c6540b57b0-34
HG01699.alt_bwamem_GRCh38DH.20150826.IBS.exome.cram	2453751539	2.28523420077	c5dca2c3dd343141a59e3377b28e7b40-24
HG01700.alt_bwamem_GRCh38DH.20150826.IBS.exome.cram	4052921361	3.77457715664	d53b5f7c87512eef07b3c5b29e02b5b9-39
HG01704.alt_bwamem_GRCh38DH.20150826.IBS.exome.cram	4421102824	4.11747286469	b9655a77e7bb01139ec955321629a822-43
HG01756.alt_bwamem_GRCh38DH.20150826.IBS.exome.cram	11158524675	10.3921859292	9c335ea14401023ad4210cd0b7dd2ce4-107
HG01757.alt_bwamem_GRCh38DH.20150826.IBS.exome.cram	11244697501	10.4724406274	a1cf908e9ef48f72f7b7c1634bbbfb57-108
HG01762.alt_bwamem_GRCh38DH.20150826.IBS.exome.cram	11618956594	10.8209965695	dd9c9259f4918c4eff75d356feb66083-111
HG01765.alt_bwamem_GRCh38DH.20150826.IBS.exome.cram	2483147147	2.31261099409	d85c991181c20449c57c47fef628b7f5-24
HG01770.alt_bwamem_GRCh38DH.20150826.IBS.exome.cram	2412058603	2.24640462827	001ddae78bfdff1ada75bec3b3b3503f-24
HG01785.alt_bwamem_GRCh38DH.20150826.IBS.exome.cram	2327594120	2.1677409485	f56ddf20a54eb9b4880f015132dfc679-23
HG01786.alt_bwamem_GRCh38DH.20150826.IBS.exome.cram	2263027289	2.10760840122	6c07a2b36ab6fa7d603a7e160506bd2f-22
HG01789.alt_bwamem_GRCh38DH.20150826.GBR.exome.cram	2758938129	2.56946136151	03e763a9d5c6c64fb30569ed92ca3bdb-27
HG01796.alt_bwamem_GRCh38DH.20150826.CDX.exome.cram	3879532460	3.61309615895	3c6540afad88360ddfc2302196dcf899-37
HG01799.alt_bwamem_GRCh38DH.20150826.CDX.exome.cram	3804715589	3.54341751803	be6f29269734eda32a332b60a8150c73
HG01800.alt_bwamem_GRCh38DH.20150826.CDX.exome.cram	3456378932	3.2190037258	968cfa62e2efbc2320bec6c1719b5652
HG01801.alt_bwamem_GRCh38DH.20150826.CDX.exome.cram	4212431816	3.92313284427	fe2926b18991dc21a94ea22fa58ef611
HG01802.alt_bwamem_GRCh38DH.20150826.CDX.exome.cram	3596028893	3.34906288702	f1125786aef8458e70de64a0f98a8831
HG01804.alt_bwamem_GRCh38DH.20150826.CDX.exome.cram	4150664553	3.86560759787	e5f753a698d2c078c3aaad148073ce5a
HG01805.alt_bwamem_GRCh38DH.20150826.CDX.exome.cram	3740260895	3.48338940646	21cc3446ba2b118f5e3caf3debfbbbdc-36
HG01806.alt_bwamem_GRCh38DH.20150826.CDX.exome.cram	4042141037	3.76453719754	9450de60d8c34150eed1b860733ff9c6
HG01807.alt_bwamem_GRCh38DH.20150826.CDX.exome.cram	3944794483	3.67387615424	b7bec031f4d849f6025fef238a64a47d
HG01808.alt_bwamem_GRCh38DH.20150826.CDX.exome.cram	3587311097	3.3409438068	cb4bed0add658527ef616baeddb31b00
HG01809.alt_bwamem_GRCh38DH.20150826.CDX.exome.cram	3873512815	3.60748992767	e753dc403f6954834b1b27f50fbe8b0b
HG01810.alt_bwamem_GRCh38DH.20150826.CDX.exome.cram	3714646511	3.45953415241	edd41532ec250caaa4e1fae71cc93df0
HG01811.alt_bwamem_GRCh38DH.20150826.CDX.exome.cram	3295703730	3.06936328299	f0d14cd41520f5c91c5e67de66d16285
HG01812.alt_bwamem_GRCh38DH.20150826.CDX.exome.cram	3023791653	2.81612542737	376a5d878dd6a847a00d12087bd8e9f4-29
HG01813.alt_bwamem_GRCh38DH.20150826.CDX.exome.cram	3792825631	3.53234413173	4e36fc9b1470b4c318871217a99291f2
HG01815.alt_bwamem_GRCh38DH.20150826.CDX.exome.cram	4035852371	3.75868042093	1ba134ebcb65c4ec02461e3c27f19a53
HG01816.alt_bwamem_GRCh38DH.20150826.CDX.exome.cram	4197653079	3.90936907288	065d541d9369e1d917bfcdd7c17e535f-41
HG01817.alt_bwamem_GRCh38DH.20150826.CDX.exome.cram	3747146433	3.48980206344	c51778d6b830604a1d50a7052e92d622
HG01840.alt_bwamem_GRCh38DH.20150826.KHV.exome.cram	3881615400	3.615036048	22e58cb4e474233e86c1f0dfc0db24fd-38
HG01841.alt_bwamem_GRCh38DH.20150826.KHV.exome.cram	3702378925	3.44810907263	1399613b2f30888606e72adb1373fceb
HG01842.alt_bwamem_GRCh38DH.20150826.KHV.exome.cram	3671595522	3.4194397945	cf7d8a7ac2f158217f51231e774b8a4a
HG01843.alt_bwamem_GRCh38DH.20150826.KHV.exome.cram	3912436872	3.64374078065	b0f21f70d0bdc261003e0386c23a7be4
HG01845.alt_bwamem_GRCh38DH.20150826.KHV.exome.cram	3547755495	3.30410478171	5a8baef2afe23e275ba5cf94f1a4b18e-34
HG01850.alt_bwamem_GRCh38DH.20150826.KHV.exome.cram	3953280273	3.68177916203	5495737ae6ba832878ff5136915034e9-38
HG01851.alt_bwamem_GRCh38DH.20150826.KHV.exome.cram	3373130789	3.14147285093	a294f13e180233a5b62353f4d0c5783c-33
HG01863.alt_bwamem_GRCh38DH.20150826.KHV.exome.cram	3779817058	3.52022895403	cdb6e49518489f12ffb97bf0bc7751e3-37
HG01867.alt_bwamem_GRCh38DH.20150826.KHV.exome.cram	3617399773	3.36896607	e7c83b27f571cc2dd9b025f345bb0de7-35
HG01878.alt_bwamem_GRCh38DH.20150826.KHV.exome.cram	11330272132	10.5521382131	ab0c9f9e1d2339865f4b22055b79daec-109
HG01880.alt_bwamem_GRCh38DH.20150826.ACB.exome.cram	3474876469	3.23623089958	0f8473ff298c375759698b3846ede2cf-34
HG01885.alt_bwamem_GRCh38DH.20150826.ACB.exome.cram	3886690511	3.61976261344	22724a618c386cb5f4e242f01d83cb71-38
HG01890.alt_bwamem_GRCh38DH.20150826.ACB.exome.cram	2579647289	2.40248375479	1c69b6c57ae5fafc830cdcbba23a5011-25
HG01896.alt_bwamem_GRCh38DH.20150826.ACB.exome.cram	3772810146	3.51370325871	09871747828b06321df15b3ae6978ec6-36
HG01914.alt_bwamem_GRCh38DH.20150826.ACB.exome.cram	3350373897	3.12027884368	828f247cfa7aa4cc9cbe3e508c6c308c-32
HG01917.alt_bwamem_GRCh38DH.20150826.PEL.exome.cram	4015596977	3.73981611524	fbf62a244fd7e0df168f82c8e27eca81-39
HG01918.alt_bwamem_GRCh38DH.20150826.PEL.exome.cram	3961846321	3.6897569159	85bf8266eb1f3c379b2f5e54fb450f16-38
HG01921.alt_bwamem_GRCh38DH.20150826.PEL.exome.cram	4008459876	3.73316917196	57300524ed9007edb0a210d552a1981f-39
HG01927.alt_bwamem_GRCh38DH.20150826.PEL.exome.cram	3714968692	3.45983420685	43120bb627c326e0ab51413c4510d0dc-36
HG01933.alt_bwamem_GRCh38DH.20150826.PEL.exome.cram	3765451348	3.50684984401	cbbac66500379ce37aa1ee8e9fbc2e95-36
HG01939.alt_bwamem_GRCh38DH.20150826.PEL.exome.cram	4113614619	3.83110215794	f4dc82d7a2f56462a3c66d2193352b96-40
HG01941.alt_bwamem_GRCh38DH.20150826.PEL.exome.cram	3745495120	3.48826415837	013a6d13353079a09301d079c532c97d-36
HG01942.alt_bwamem_GRCh38DH.20150826.PEL.exome.cram	3537131607	3.29421051499	e20554f9a556c8d1e3a9f53769aa858c-34
HG01945.alt_bwamem_GRCh38DH.20150826.PEL.exome.cram	3940914990	3.67026309483	632cbf700d25605a61d8033ab406bbca-38
HG01947.alt_bwamem_GRCh38DH.20150826.PEL.exome.cram	3391157735	3.15826175269	c5ec3ecc3125a69da8657e918fc39d1f-33
HG01953.alt_bwamem_GRCh38DH.20150826.PEL.exome.cram	11513792263	10.723054654	b39feff786bf2e2790d698493cb9d5f3-110
HG01958.alt_bwamem_GRCh38DH.20150826.ACB.exome.cram	3606452638	3.35877075605	cef980deba335b457afb76b04665e5e3-35
HG01961.alt_bwamem_GRCh38DH.20150826.PEL.exome.cram	2291269847	2.13391133305	ef3037c569b1adb4ba72c5824f1cc95a-22
HG01965.alt_bwamem_GRCh38DH.20150826.PEL.exome.cram	3317215965	3.08939811308	d92e73e5315b129b8707519497486eec-32
HG01971.alt_bwamem_GRCh38DH.20150826.PEL.exome.cram	12023608690	11.1978582013	fed674e31619a210e999cb2abda36b84-115
HG01976.alt_bwamem_GRCh38DH.20150826.PEL.exome.cram	10504058448	9.7826667577	db90f22644fbcf4c94485c3bb4ae7bc6-101
HG01992.alt_bwamem_GRCh38DH.20150826.PEL.exome.cram	1603828980	1.4936821349	72d97254419751abeb4ce8882611402e-16
HG02002.alt_bwamem_GRCh38DH.20150826.PEL.exome.cram	1963158212	1.82833356038	6799c77678d45607362386e72a7512f4-19
HG02010.alt_bwamem_GRCh38DH.20150826.ACB.exome.cram	2601792057	2.42310767714	004f696e6205c82d6bd33a03e164f6fa-25
HG02014.alt_bwamem_GRCh38DH.20150826.ACB.exome.cram	11153871780	10.3878525831	d8ffa69de5c8949f04dbe6a8b4508279-107
HG02019.alt_bwamem_GRCh38DH.20150826.KHV.exome.cram	2719081137	2.5323416451	f87cae483b8d5118219c61c92ca166a2-26
HG02029.alt_bwamem_GRCh38DH.20150826.KHV.exome.cram	3575066754	3.32954037376	93ef72125d64e8089ea01408c4ae22e0-35
HG02031.alt_bwamem_GRCh38DH.20150826.KHV.exome.cram	3381200500	3.14898835495	71f9afdc4cf585475c22819185686fc0-33
HG02050.alt_bwamem_GRCh38DH.20150826.KHV.exome.cram	3332363243	3.10350511502	d5235f5b36a1e91e5226820776bb14e2-32
HG02052.alt_bwamem_GRCh38DH.20150826.ACB.exome.cram	2556424845	2.38085616846	3b58d7ab9e2003972030df9f08306340-25
HG02057.alt_bwamem_GRCh38DH.20150826.KHV.exome.cram	13077034520	12.1789374575	1337176ed452e5fcf22405306c832d4c-125
HG02058.alt_bwamem_GRCh38DH.20150826.KHV.exome.cram	10244218279	9.54067174252	d060066a499592dc4cb47b2e834d7e40-98
HG02067.alt_bwamem_GRCh38DH.20150826.KHV.exome.cram	3653298199	3.40239908453	2e52cf94ed87fba8a90d7c9a81b99e81-35
HG02073.alt_bwamem_GRCh38DH.20150826.KHV.exome.cram	9833246035	9.15792401414	65706872586d7abf8367d34d86568346-94
HG02075.alt_bwamem_GRCh38DH.20150826.KHV.exome.cram	2547136273	2.37220551167	1e0097e070c582eaeed76463fc9aafad-25
HG02079.alt_bwamem_GRCh38DH.20150826.KHV.exome.cram	2554657062	2.37920979224	40b071a79707b9a163645464f7c66b32-25
HG02082.alt_bwamem_GRCh38DH.20150826.KHV.exome.cram	2675439838	2.49169751815	f06749eb3bd528bb04429a45c25bdb77-26
HG02084.alt_bwamem_GRCh38DH.20150826.KHV.exome.cram	2221945392	2.06934790313	05b3a10f485ce57a73a1da2d49864272-22
HG02085.alt_bwamem_GRCh38DH.20150826.KHV.exome.cram	3335479456	3.10640731454	176256d81661aac429f03b85e37eab8d-32
HG02087.alt_bwamem_GRCh38DH.20150826.KHV.exome.cram	2697812065	2.5125332782	9b3682405f721a0ba987be92bd311c94-26
HG02095.alt_bwamem_GRCh38DH.20150826.ACB.exome.cram	2491847182	2.32071353309	4d48b726f38e9a84077adb3f6eb0ceeb-24
HG02122.alt_bwamem_GRCh38DH.20150826.KHV.exome.cram	1992932476	1.85606300458	f445017a030e640ac375d226e46ee159-20
HG02130.alt_bwamem_GRCh38DH.20150826.KHV.exome.cram	3335022806	3.10598202609	86e25b3a736ac94939301f7c28c49f46-32
HG02131.alt_bwamem_GRCh38DH.20150826.KHV.exome.cram	4406282004	4.10366990045	184315ea56848d9c6687edd0b3067530-43
HG02136.alt_bwamem_GRCh38DH.20150826.KHV.exome.cram	3296608356	3.07020578161	23a7f80457ef820e25fca413881e2c24-32
HG02137.alt_bwamem_GRCh38DH.20150826.KHV.exome.cram	3750631433	3.49304772262	8ca173d3d5fd7471899dafdfba0461f6-36
HG02138.alt_bwamem_GRCh38DH.20150826.KHV.exome.cram	2790160947	2.59853987675	1d34c99097ea29f7637367e138ba3026-27
HG02140.alt_bwamem_GRCh38DH.20150826.KHV.exome.cram	2365885646	2.20340271108	548303e2bb04a228ad5f1bd7b5994aa5-23
HG02142.alt_bwamem_GRCh38DH.20150826.KHV.exome.cram	3926615204	3.65694538131	95ed2f4117c1140af2f8088bdfe64ef0-38
HG02144.alt_bwamem_GRCh38DH.20150826.ACB.exome.cram	2412059356	2.24640532956	55a22bb56804bd6e77e81f7c4b84ac0e-24
HG02153.alt_bwamem_GRCh38DH.20150826.CDX.exome.cram	1445397080	1.34613092989	c86a9c53684441d9d0bd76d8708d9124-14
HG02154.alt_bwamem_GRCh38DH.20150826.CDX.exome.cram	2582095585	2.40476390813	4c4ab6f9123af9822424eefbd2bcd9c7-25
HG02165.alt_bwamem_GRCh38DH.20150826.CDX.exome.cram	1445961729	1.34665680025	96937492b9173f9880ef0313809b8a5d-14
HG02166.alt_bwamem_GRCh38DH.20150826.CDX.exome.cram	2637389296	2.45626018941	7fc663b0bbbe0f4fb2b91b622361261b-26
HG02170.alt_bwamem_GRCh38DH.20150826.CDX.exome.cram	2308338652	2.14980789647	2a1467ecc3824546bd8c8b3e61ab2e60
HG02173.alt_bwamem_GRCh38DH.20150826.CDX.exome.cram	1885097233	1.75563360844	b84d24baf211f8e34c89de7700bff21c
HG02178.alt_bwamem_GRCh38DH.20150826.CDX.exome.cram	2307102163	2.14865632635	39a316b50af6d27ad6f377cd566f8715
HG02179.alt_bwamem_GRCh38DH.20150826.CDX.exome.cram	3709871564	3.45508713648	0e097f88d746fec1b61773c4b0be921f-36
HG02180.alt_bwamem_GRCh38DH.20150826.CDX.exome.cram	1774270032	1.65241773427	6c8e530fa0ef2b36b33f725ce2298748
HG02182.alt_bwamem_GRCh38DH.20150826.CDX.exome.cram	2291898254	2.13449658267	6db0ebadb4e11d7a74722b209d9c0ac7-22
HG02184.alt_bwamem_GRCh38DH.20150826.CDX.exome.cram	1764234212	1.64307114854	1012b07f5d3d62b614dac27a73063c05
HG02186.alt_bwamem_GRCh38DH.20150826.CDX.exome.cram	1659041978	1.54510324635	90341a2ae03a6f4b38b924defebc550e-16
HG02187.alt_bwamem_GRCh38DH.20150826.CDX.exome.cram	1311159703	1.22111263033	193ef994dea986a16e9de7dc5f62ad10
HG02188.alt_bwamem_GRCh38DH.20150826.CDX.exome.cram	2015140352	1.87674570084	a49c593e4a733720e66faf6b59de7856
HG02190.alt_bwamem_GRCh38DH.20150826.CDX.exome.cram	2200418319	2.04929925408	324f2315c710b322563f3e73758fa51f
HG02215.alt_bwamem_GRCh38DH.20150826.GBR.exome.cram	3864810017	3.59938481543	bb77b9086e8bac5ad2e281f71c955376
HG02218.alt_bwamem_GRCh38DH.20150826.IBS.exome.cram	1951440899	1.81742096227	79d1ccb121720510956d3a3f3a4cdbb3-19
HG02219.alt_bwamem_GRCh38DH.20150826.IBS.exome.cram	2692352592	2.50744874775	f694bf0bedfcc3ba0c54de0d76cd8320
HG02220.alt_bwamem_GRCh38DH.20150826.IBS.exome.cram	1726203641	1.60765241925	970fb6a15c68dcf8c221a3812e3d1022
HG02221.alt_bwamem_GRCh38DH.20150826.IBS.exome.cram	2141797030	1.99470392428	9846747f2585fe386c347df9e9c1f375
HG02223.alt_bwamem_GRCh38DH.20150826.IBS.exome.cram	2256938666	2.10193792917	a8b3950579b50f12ffde7b8b0e7cdff0
HG02224.alt_bwamem_GRCh38DH.20150826.IBS.exome.cram	2685299065	2.50087963883	1f88c71dbc603e538c9b4c5f4d866622-26
HG02230.alt_bwamem_GRCh38DH.20150826.IBS.exome.cram	2523390981	2.35009098519	40fb06fbc8be9bcfad8deea8a76e1d54-25
HG02231.alt_bwamem_GRCh38DH.20150826.IBS.exome.cram	2535555200	2.36141979694	e5cd7f93181f370dda989431ba1e11ab-25
HG02232.alt_bwamem_GRCh38DH.20150826.IBS.exome.cram	4181103041	3.89395564888	9db3cb6bff0b850fd3df139687bd6560
HG02233.alt_bwamem_GRCh38DH.20150826.IBS.exome.cram	3780770756	3.52111715451	d544018af139346020644d872080d7dd
HG02235.alt_bwamem_GRCh38DH.20150826.IBS.exome.cram	1854717059	1.72733986657	482cda77dc5addbc44c7f2f49329eaa4
HG02238.alt_bwamem_GRCh38DH.20150826.IBS.exome.cram	3440171848	3.2039097026	4c9a56f813ff88d636007efcdc384b34
HG02239.alt_bwamem_GRCh38DH.20150826.IBS.exome.cram	4308840339	4.01292027812	6e3cc63ba665c3b66808b58860be6478-42
HG02250.alt_bwamem_GRCh38DH.20150826.CDX.exome.cram	3672198716	3.42000156268	2021cc2c8aa971bfb4b07184fb070cd7-36
HG02252.alt_bwamem_GRCh38DH.20150826.PEL.exome.cram	4962374478	4.62157137506	0df3f811527bac93adbe033342d49cec-48
HG02255.alt_bwamem_GRCh38DH.20150826.ACB.exome.cram	1926512383	1.79420447256	b9ae5e5d7adc849576c79268f11a887a-19
HG02256.alt_bwamem_GRCh38DH.20150826.ACB.exome.cram	1862354094	1.73445240967	4ab222eec8d5f448cada8d5fe32fd2ad-18
HG02260.alt_bwamem_GRCh38DH.20150826.PEL.exome.cram	3436455272	3.20044837147	6106a9df25b9b46c5f70c12bbdb5138e-33
HG02277.alt_bwamem_GRCh38DH.20150826.PEL.exome.cram	2287902494	2.13077524118	7266022592191deba8c227b5301a1648-22
HG02278.alt_bwamem_GRCh38DH.20150826.PEL.exome.cram	1853273038	1.72599501722	36a86d68079e6f7564a836d8f25e7bfe-18
HG02281.alt_bwamem_GRCh38DH.20150826.ACB.exome.cram	2061742787	1.92014760058	90c09411e4afe5aee19899fd59daa930-20
HG02282.alt_bwamem_GRCh38DH.20150826.ACB.exome.cram	1335279585	1.24357602093	4698991d6e9053211ec75bdb4c65b53f-13
HG02291.alt_bwamem_GRCh38DH.20150826.PEL.exome.cram	3918660627	3.64953710418	42f2380db049705ff8cfadd239af07a0-38
HG02292.alt_bwamem_GRCh38DH.20150826.PEL.exome.cram	5032314184	4.68670780212	4d006a763148cf25b4573c0bb042622f-48
HG02298.alt_bwamem_GRCh38DH.20150826.PEL.exome.cram	3641768409	3.39166113082	6d0311a4bd67b8a9191f82134d340104-35
HG02299.alt_bwamem_GRCh38DH.20150826.PEL.exome.cram	6751118151	6.28746873792	ce8ef7cd78daaf64b60ee74d98847442-65
HG02315.alt_bwamem_GRCh38DH.20150826.ACB.exome.cram	2304434697	2.14617205504	68842bc356b761059ce2698f94bad32a-22
HG02322.alt_bwamem_GRCh38DH.20150826.ACB.exome.cram	2413085958	2.24736142717	f9dd074fe6cf2355a4e3b8f121f873b7-24
HG02323.alt_bwamem_GRCh38DH.20150826.ACB.exome.cram	2259855428	2.10465437546	a42245d2787dc85448b3d687463583bd-22
HG02334.alt_bwamem_GRCh38DH.20150826.ACB.exome.cram	2527386183	2.353811807	66c54794ec7c9af5c92f6dbd191fb907-25
HG02339.alt_bwamem_GRCh38DH.20150826.ACB.exome.cram	2467089672	2.29765630513	4a1fdfe04bd1dd911c75866e63906484-24
HG02343.alt_bwamem_GRCh38DH.20150826.ACB.exome.cram	2512399902	2.33985474519	b7928fe8f9df3e4199870cc278c1f0f9-24
HG02347.alt_bwamem_GRCh38DH.20150826.PEL.exome.cram	1737399248	1.61807914078	74df3948fec0388d0a162f2a8d130e20-17
HG02375.alt_bwamem_GRCh38DH.20150826.CDX.exome.cram	3954589092	3.68299809471	51c9fddaedbdcd3b399c668d08217307-38
HG02377.alt_bwamem_GRCh38DH.20150826.CDX.exome.cram	3470399442	3.23206134327	1055bd4633738d2ba360fcece735d268-34
HG02381.alt_bwamem_GRCh38DH.20150826.CDX.exome.cram	3822154472	3.55965874344	4f4365bbfa0fd404f6707a19e6c7badb-37
HG02382.alt_bwamem_GRCh38DH.20150826.CDX.exome.cram	3729794117	3.47364145983	16f2b687019af392ea35a0c597023917-36
HG02389.alt_bwamem_GRCh38DH.20150826.CDX.exome.cram	3466241116	3.22818860039	ad44738939f28861b9e577fd7055a165-34
HG02391.alt_bwamem_GRCh38DH.20150826.CDX.exome.cram	3722379717	3.46673626173	3e38ad48dcbac8ab31e48b2e029ed52c-36
HG02408.alt_bwamem_GRCh38DH.20150826.CDX.exome.cram	1852434251	1.72521383595	974c7e4dddaa9cb2a3bb6dc20f0a5c03-18
HG02419.alt_bwamem_GRCh38DH.20150826.ACB.exome.cram	2300262084	2.14228600636	3928563f2c1e572c91921af8f917442e-22
HG02425.alt_bwamem_GRCh38DH.20150826.PEL.exome.cram	2085568574	1.94233709387	8f6d6173791ff8642807644d025b0ee7-20
HG02427.alt_bwamem_GRCh38DH.20150826.ACB.exome.cram	2027311226	1.88808071055	bf3fee51756be6f4613d8222ca59003d-20
HG02436.alt_bwamem_GRCh38DH.20150826.ACB.exome.cram	2537848841	2.36355591659	2c830255489a428c592bbfc762ee9ba0-25
HG02449.alt_bwamem_GRCh38DH.20150826.ACB.exome.cram	5897088552	5.49209169298	e1a9a920846949a91ecfcc8771446798-57
HG02462.alt_bwamem_GRCh38DH.20150826.GWD.exome.cram	3257600774	3.03387713991	245458983f74cd26f7ea4cb7efff616b-32
HG02471.alt_bwamem_GRCh38DH.20150826.ACB.exome.cram	6196138780	5.77060392126	8215cced2f9334d1a053b20924693611-60
HG02476.alt_bwamem_GRCh38DH.20150826.ACB.exome.cram	2854267230	2.65824350528	b5c54acacf8077bf13e89a9317d8e090-28
HG02479.alt_bwamem_GRCh38DH.20150826.ACB.exome.cram	1685859538	1.57007904537	48f923fb5e134902cd137739ef847ed6-17
HG02493.alt_bwamem_GRCh38DH.20150826.PJL.exome.cram	4220846805	3.93096991349	9940af53a19cce822b86bf78aa25a636-41
HG02494.alt_bwamem_GRCh38DH.20150826.PJL.exome.cram	4783215735	4.45471679326	76b9b8d0220e934d43932b32499ba01e-46
HG02496.alt_bwamem_GRCh38DH.20150826.ACB.exome.cram	2997835830	2.79195218347	185667b16f5215bad00f7621bd779667-29
HG02502.alt_bwamem_GRCh38DH.20150826.ACB.exome.cram	1782189477	1.65979329217	24b0a4fa6410ad238fbdcf9e7772ad98-17
HG02521.alt_bwamem_GRCh38DH.20150826.KHV.exome.cram	2561416000	2.38550454378	22c5f5ef1ff27ca6e68bfaf165a2f458-25
HG02555.alt_bwamem_GRCh38DH.20150826.ACB.exome.cram	3631087081	3.38171336893	2a20fab78c6d9f9985bcb6faa5e1a13f-35
HG02568.alt_bwamem_GRCh38DH.20150826.GWD.exome.cram	7130435527	6.64073557314	e2caf0ad887e6702389d37602e3ce6c3-69
HG02570.alt_bwamem_GRCh38DH.20150826.GWD.exome.cram	2997263356	2.79141902551	815b4001d47dd78b718fc2ae0f08d47d-29
HG02573.alt_bwamem_GRCh38DH.20150826.GWD.exome.cram	2316209239	2.15713795181	5d0c7e0fd06ee83dbca769389f3b0e3e-23
HG02574.alt_bwamem_GRCh38DH.20150826.GWD.exome.cram	2403851775	2.23876142409	2ec61462e0660a290eb27d717b07cdff-23
HG02583.alt_bwamem_GRCh38DH.20150826.GWD.exome.cram	2446013279	2.27802738454	a2d485d8e97c8be7d7a104eab3dfe2f2-24
HG02585.alt_bwamem_GRCh38DH.20150826.GWD.exome.cram	2557006450	2.38139783032	4f2d3c8b84fe56db32d24778838fc450-25
HG02589.alt_bwamem_GRCh38DH.20150826.GWD.exome.cram	24875598392	23.1672063395	bb70dbd2cbfa091b94206983468ef80e-238
HG02595.alt_bwamem_GRCh38DH.20150826.GWD.exome.cram	3038398642	2.82972924598	4927d06e1ecddc492009bd87fc4b3255-29
HG02604.alt_bwamem_GRCh38DH.20150826.PJL.exome.cram	2538760631	2.3644050872	5522b4e2c816ce89a86f81a96d5c4511-25
HG02610.alt_bwamem_GRCh38DH.20150826.GWD.exome.cram	2730340864	2.54282808304	823d4a0082a8034bbaccd6fa47c8bbb4-27
HG02614.alt_bwamem_GRCh38DH.20150826.GWD.exome.cram	1936713026	1.80370456167	585851af2146785372dd313d048305c0-19
HG02624.alt_bwamem_GRCh38DH.20150826.GWD.exome.cram	3002401770	2.79620454647	ac042ce54addc1327132557e70932d05-29
HG02645.alt_bwamem_GRCh38DH.20150826.GWD.exome.cram	2353513327	2.19188009109	02d1af3cb0fa4472cefa9f37aeb64ba9-23
HG02646.alt_bwamem_GRCh38DH.20150826.GWD.exome.cram	2323542727	2.16396779474	d03b739260ee43e6bad7001f0fc884d5-23
HG02651.alt_bwamem_GRCh38DH.20150826.PJL.exome.cram	4724129269	4.39968823362	47f552d267bea897db4de0efdf07a383-46
HG02652.alt_bwamem_GRCh38DH.20150826.PJL.exome.cram	5066920317	4.718937275	07b249d972d08ab244e1d9ac9998e343-49
HG02654.alt_bwamem_GRCh38DH.20150826.PJL.exome.cram	2606062870	2.4270851817	f191f72a5a9f9c023500eec426f0587d-25
HG02655.alt_bwamem_GRCh38DH.20150826.PJL.exome.cram	2408736930	2.24331107922	fbf7019f88ecc9a7aa4da3081c2cc6e7
HG02657.alt_bwamem_GRCh38DH.20150826.PJL.exome.cram	2781862631	2.59081146773	5668711cdb87373b6bc69c04f64862e8-27
HG02658.alt_bwamem_GRCh38DH.20150826.PJL.exome.cram	2272590908	2.11651521549	3917e0e21cceec23ea03643eb9736629-22
HG02660.alt_bwamem_GRCh38DH.20150826.PJL.exome.cram	2199633221	2.04856807459	1ba7260bea591516abe82208df8f3e91
HG02661.alt_bwamem_GRCh38DH.20150826.PJL.exome.cram	2453819327	2.28529733326	a872013d99c9ddfd7a2eeb1693527cfa-24
HG02666.alt_bwamem_GRCh38DH.20150826.GWD.exome.cram	2433357029	2.26624033321	85a8224dff67eda48fe7ec4b2da9c3d1
HG02667.alt_bwamem_GRCh38DH.20150826.GWD.exome.cram	2212506435	2.0605571894	fec87adc05d1bb8dc9411100e399f101
HG02675.alt_bwamem_GRCh38DH.20150826.GWD.exome.cram	2167846846	2.01896470599	ddbe73abc6a3c7bb1ecd58f28ab2725d
HG02676.alt_bwamem_GRCh38DH.20150826.GWD.exome.cram	2374520141	2.21144421119	88e9aeec149f39d887a4ecfb8834ce50-23
HG02678.alt_bwamem_GRCh38DH.20150826.GWD.exome.cram	2204341805	2.05295328517	0863a2badafce49baa262ef8fd6e5f98
HG02679.alt_bwamem_GRCh38DH.20150826.GWD.exome.cram	2321074499	2.16166907828	fcc8e78f9408729dc7a693d295287993
HG02681.alt_bwamem_GRCh38DH.20150826.PJL.exome.cram	3145632123	2.92959820759	b17f11cf9d610b29258d8fd7cb86e075
HG02682.alt_bwamem_GRCh38DH.20150826.PJL.exome.cram	3549915490	3.30611643381	3e3f118667f49353fefa2250211f2133
HG02685.alt_bwamem_GRCh38DH.20150826.PJL.exome.cram	2604765989	2.42587736715	dcfd41a8cb6ed6b69c2c095c973967f4-25
HG02687.alt_bwamem_GRCh38DH.20150826.PJL.exome.cram	2432789199	2.26571150031	2692624c35f5faf7a803093e32cfbd1f
HG02688.alt_bwamem_GRCh38DH.20150826.PJL.exome.cram	2179632443	2.02994089853	a780e85ef55ffa942c997376841a3782-21
HG02690.alt_bwamem_GRCh38DH.20150826.PJL.exome.cram	3786833874	3.52676387317	ba35b8955df172fa9d901181cdeec111
HG02691.alt_bwamem_GRCh38DH.20150826.PJL.exome.cram	3830528852	3.56745799258	33f22900b74959c1503bb2e8be35080e
HG02694.alt_bwamem_GRCh38DH.20150826.PJL.exome.cram	2190791748	2.04033381119	dd344395f5c7e40d4fd505864f26f27f
HG02696.alt_bwamem_GRCh38DH.20150826.PJL.exome.cram	2251319873	2.09670502041	d379c8358edce03f18dbd059d4f8a713
HG02697.alt_bwamem_GRCh38DH.20150826.PJL.exome.cram	2340793099	2.1800334556	513eeffb16d844b0f6b8f77830241aed
HG02699.alt_bwamem_GRCh38DH.20150826.PJL.exome.cram	3356828359	3.12629002985	cccd65cb6cc93f75eda61936845c6ba1
HG02700.alt_bwamem_GRCh38DH.20150826.PJL.exome.cram	3953679257	3.68215074483	17d9bde10eb7afcf782d4ae37d2b9a51
HG02702.alt_bwamem_GRCh38DH.20150826.GWD.exome.cram	2667072788	2.48390509561	e2d6b42729a9bb3ed0ccc3cc3d4bd3c3
HG02703.alt_bwamem_GRCh38DH.20150826.GWD.exome.cram	2473865816	2.30396708101	8353996221ac92d069d8a14f267ec844
HG02715.alt_bwamem_GRCh38DH.20150826.GWD.exome.cram	3104458166	2.89125197195	31220f46bbd853699254ffb2b0409e38
HG02721.alt_bwamem_GRCh38DH.20150826.GWD.exome.cram	2343480998	2.18253675662	0560bc3cf10920e3f03f0713f1480fb0-23
HG02722.alt_bwamem_GRCh38DH.20150826.GWD.exome.cram	2424352862	2.25785454921	41f6cf10f9b274931844516a759137ac
HG02724.alt_bwamem_GRCh38DH.20150826.PJL.exome.cram	2717360003	2.53073871415	f91122aa773f9636bb8e148ac7158a09
HG02727.alt_bwamem_GRCh38DH.20150826.PJL.exome.cram	2486589814	2.31581722759	5ea793aec3fbee0e6fac405ddd30bc3b
HG02728.alt_bwamem_GRCh38DH.20150826.PJL.exome.cram	2504466705	2.33246637974	9a56304875bfd70493f2f1d086b96deb-24
HG02731.alt_bwamem_GRCh38DH.20150826.PJL.exome.cram	2312266161	2.15346567426	9f05821ee377e47b0f4327662d84e04c-23
HG02733.alt_bwamem_GRCh38DH.20150826.PJL.exome.cram	2414936687	2.24908505287	7896b45a543e1070a8be749eb991a1ed
HG02736.alt_bwamem_GRCh38DH.20150826.PJL.exome.cram	3746266603	3.4889826579	ef752da4a0e5cc25dc848ab6620c7565
HG02757.alt_bwamem_GRCh38DH.20150826.GWD.exome.cram	2729892616	2.54241061956	3ed5d57ce49bbea0eba7df859251d3b4-27
HG02759.alt_bwamem_GRCh38DH.20150826.GWD.exome.cram	2982673024	2.77783071995	9402afd824ca5760267e5f9d47c8ad7d-29
HG02760.alt_bwamem_GRCh38DH.20150826.GWD.exome.cram	3067268986	2.85661684908	27bf2bd09b35bd87af7de24f8fcc5a23-30
HG02771.alt_bwamem_GRCh38DH.20150826.GWD.exome.cram	2667165162	2.4839911256	d6664d7ee5f03765258fe34659280ffd-26
HG02774.alt_bwamem_GRCh38DH.20150826.PJL.exome.cram	4734560977	4.40940351877	40f8375f0c60609e70f3e4ad40236237-46
HG02775.alt_bwamem_GRCh38DH.20150826.PJL.exome.cram	4564027246	4.25058160536	3f10d5fb31f5ea7a04fbb3807db1b134-44
HG02780.alt_bwamem_GRCh38DH.20150826.PJL.exome.cram	1673996428	1.55903066322	9c8b2aaffb7ef948ed996a9a9604fd26-16
HG02781.alt_bwamem_GRCh38DH.20150826.PJL.exome.cram	1392891131	1.29723095428	ed23ac2ee127924dc898278047602991-14
HG02783.alt_bwamem_GRCh38DH.20150826.PJL.exome.cram	2772861778	2.58242877014	fd871365dbc1647da01470cb94bc202f-27
HG02790.alt_bwamem_GRCh38DH.20150826.PJL.exome.cram	2475041548	2.30506206676	c7f0a9b3fa4ff5748a439c55ac59b2bf-24
HG02793.alt_bwamem_GRCh38DH.20150826.PJL.exome.cram	4300979000	4.00559883565	b31db70ada742d3b060c31f15c7eab6c-42
HG02807.alt_bwamem_GRCh38DH.20150826.GWD.exome.cram	2735365916	2.5475080274	eccf724981aafce3443ed24130ed1549-27
HG02811.alt_bwamem_GRCh38DH.20150826.GWD.exome.cram	2672223911	2.48870245274	a52bf049dc50e261545c79a3b76293b2-26
HG02836.alt_bwamem_GRCh38DH.20150826.GWD.exome.cram	4832033772	4.50018213317	efa96224a2fff82ab091bab2443099f8-47
HG02840.alt_bwamem_GRCh38DH.20150826.GWD.exome.cram	4447152097	4.14173314068	5bddbeb15cc9bc6dfd9a5f7d43a034e7-43
HG02854.alt_bwamem_GRCh38DH.20150826.GWD.exome.cram	1332648706	1.24112582393	01091519a1cf5df5f8e2627365060b80-13
HG02879.alt_bwamem_GRCh38DH.20150826.GWD.exome.cram	3545735754	3.30222375132	3578325b02fb67ebf337d0f6e8e5991e-34
HG02882.alt_bwamem_GRCh38DH.20150826.GWD.exome.cram	3771176949	3.51218222547	236e03c51e6aaf87a0310950b3ca065f-36
HG02885.alt_bwamem_GRCh38DH.20150826.GWD.exome.cram	1428200676	1.33011553064	e3d7a77963b8778fdf0efd08d93e0b7a-14
HG02888.alt_bwamem_GRCh38DH.20150826.GWD.exome.cram	4750707214	4.42444087379	4ebe9c7e19a28830af6c73ef59e302f8-46
HG02896.alt_bwamem_GRCh38DH.20150826.GWD.exome.cram	3904520293	3.63636789192	a00ed31c9cca028f02fdf069f26b5943-38
HG02923.alt_bwamem_GRCh38DH.20150826.ESN.exome.cram	2939666703	2.73777796235	f2ba623d06dbab232c3cb96051b6c1f3-29
HG02943.alt_bwamem_GRCh38DH.20150826.ESN.exome.cram	2296889972	2.13914548233	a0176610e0ae2f04a142469e30ade9e5-22
HG02944.alt_bwamem_GRCh38DH.20150826.ESN.exome.cram	2776202807	2.58554034587	c1ea553ab133a3e1abf9d2ef761ea3ee-27
HG02970.alt_bwamem_GRCh38DH.20150826.ESN.exome.cram	4359206453	4.05982737709	6544499fde42918a62257da2d6969410-42
HG02971.alt_bwamem_GRCh38DH.20150826.ESN.exome.cram	3832063411	3.56888716202	8bdc2376863cd5106181011f4a573b1c-37
HG02973.alt_bwamem_GRCh38DH.20150826.ESN.exome.cram	2962935274	2.7594485078	6b0b005c418eb714c12a1aaa4c9685d5-29
HG02976.alt_bwamem_GRCh38DH.20150826.ESN.exome.cram	4960834262	4.62013693713	2f5c0f5b761bfc125e7dc3f7e6630e1d-48
HG02981.alt_bwamem_GRCh38DH.20150826.ESN.exome.cram	3733816788	3.47738786414	97c565550d507e3d1542894a63635664-36
HG02982.alt_bwamem_GRCh38DH.20150826.GWD.exome.cram	3378399715	3.14637992065	82972ab690f7df78fb460f1fea341f87-33
HG03007.alt_bwamem_GRCh38DH.20150826.BEB.exome.cram	1914101550	1.78264598362	d40f877159806fd7b73550c081f9b5b7-19
HG03009.alt_bwamem_GRCh38DH.20150826.BEB.exome.cram	1557649604	1.45067423955	d115d57e7785d3763f7d68a413516c1a-15
HG03015.alt_bwamem_GRCh38DH.20150826.PJL.exome.cram	3301781241	3.07502340619	4372dd1002253f0703791ea9f7e283a3-32
HG03016.alt_bwamem_GRCh38DH.20150826.PJL.exome.cram	4758433208	4.43163626641	9da5a1772faabc5a788590c0bb4455c7-46
HG03018.alt_bwamem_GRCh38DH.20150826.PJL.exome.cram	1811593483	1.68717790674	fe794ef22411c2980a924977c7777ccb-18
HG03019.alt_bwamem_GRCh38DH.20150826.PJL.exome.cram	1824942992	1.69961060584	9d7e507cc4a47829e2d19dd1c7f08f58-18
HG03027.alt_bwamem_GRCh38DH.20150826.GWD.exome.cram	2956557297	2.75350855384	5efb20508162f74721e74306f8636fdc-29
HG03048.alt_bwamem_GRCh38DH.20150826.GWD.exome.cram	2187193192	2.03698239475	298e00c76118b537f098bcdbfa464eb0-21
HG03058.alt_bwamem_GRCh38DH.20150826.MSL.exome.cram	2334990481	2.17462934647	543feb20d2104c87cbadf5be1e5668e2-23
HG03060.alt_bwamem_GRCh38DH.20150826.MSL.exome.cram	4452324172	4.14655001089	b1e6fa5749d19331a66037dffe3ba6f4-43
HG03066.alt_bwamem_GRCh38DH.20150826.MSL.exome.cram	1590502477	1.48127086181	07129a44a2f967bde4c8a5392d716ec9-16
HG03073.alt_bwamem_GRCh38DH.20150826.MSL.exome.cram	4483653656	4.17572786659	2a572b4d632fa028a6fd400b27497222-43
HG03077.alt_bwamem_GRCh38DH.20150826.MSL.exome.cram	4252890038	3.96081249975	863dc090b61b5a06f14c89bf9f1ef957-41
HG03081.alt_bwamem_GRCh38DH.20150826.MSL.exome.cram	3433003257	3.19723343197	aefd7c71d3922145f3d3b19bb9fac839-33
HG03108.alt_bwamem_GRCh38DH.20150826.ESN.exome.cram	2435583329	2.26831373665	d311546b792547f63799f3f87c13355a-24
HG03124.alt_bwamem_GRCh38DH.20150826.ESN.exome.cram	2290578537	2.13326750044	06abcdb6d4681294c10b33789e15597c-22
HG03127.alt_bwamem_GRCh38DH.20150826.ESN.exome.cram	5172748345	4.8174973065	54399d0522674f4b0aa50c47128210b4-50
HG03160.alt_bwamem_GRCh38DH.20150826.ESN.exome.cram	1274539308	1.18700722978	53583022623013099e30be20fc123f14-13
HG03166.alt_bwamem_GRCh38DH.20150826.ESN.exome.cram	4640351556	4.32166415825	8f097578dc2d3c5b2cce9120efbe8c6d-45
HG03168.alt_bwamem_GRCh38DH.20150826.ESN.exome.cram	1635319868	1.52301030979	fec65ffd295febcaff5272a38ef8ee72-16
HG03171.alt_bwamem_GRCh38DH.20150826.ESN.exome.cram	1651021147	1.53763326537	0e389ed795f6f502085acc17a73b1fbd-16
HG03172.alt_bwamem_GRCh38DH.20150826.ESN.exome.cram	1645446953	1.53244189266	0d7eb56890b1b05a9537d000611d2b77-16
HG03175.alt_bwamem_GRCh38DH.20150826.ESN.exome.cram	4613688739	4.29683247488	e6539efaf93212b2206491e08adc519d-44
HG03189.alt_bwamem_GRCh38DH.20150826.ESN.exome.cram	4776842217	4.44878099207	29897e8defd674a0c69edea6cf80c000-46
HG03193.alt_bwamem_GRCh38DH.20150826.ESN.exome.cram	5113610358	4.76242076419	5e6945fd1b6bb26b3ca32ad86b11afc1-49
HG03199.alt_bwamem_GRCh38DH.20150826.ESN.exome.cram	1596792601	1.48712899629	26a3a9c25c3d7d4bb1457aa625ddc027-16
HG03209.alt_bwamem_GRCh38DH.20150826.MSL.exome.cram	3941287984	3.67061047256	6b35cf092bde39a8c3f187ff620fb2db-38
HG03212.alt_bwamem_GRCh38DH.20150826.MSL.exome.cram	3792513743	3.5320536634	67d24b7b7746770ed4359d351cc30aad-37
HG03228.alt_bwamem_GRCh38DH.20150826.PJL.exome.cram	4727969183	4.40326443221	b5f03d3557e742d1aff0ef6dd398b516-46
HG03229.alt_bwamem_GRCh38DH.20150826.PJL.exome.cram	5171171912	4.81602913886	af575118aae1b858ab359bd409d27ed7-50
HG03235.alt_bwamem_GRCh38DH.20150826.PJL.exome.cram	4953732645	4.6135230409	1eaa179a11f64b67afbe5d78d141421e-48
HG03237.alt_bwamem_GRCh38DH.20150826.PJL.exome.cram	5103673805	4.75316662807	ae0a465c7f05956939188e79183bec63-49
HG03247.alt_bwamem_GRCh38DH.20150826.GWD.exome.cram	1385963271	1.29077888187	911b7813f86f63bc0034d9a790abddc9-14
HG03258.alt_bwamem_GRCh38DH.20150826.GWD.exome.cram	3068316464	2.85759238899	ed6b1e8bf80e7c2e70988014be2657dc-30
HG03265.alt_bwamem_GRCh38DH.20150826.ESN.exome.cram	4466099566	4.1593793463	beef56547057af1fb21e9df4dcdb4be3-43
HG03268.alt_bwamem_GRCh38DH.20150826.ESN.exome.cram	4540395484	4.22857281193	c16c3b7df9da8129a871cd03650ca7ac-44
HG03301.alt_bwamem_GRCh38DH.20150826.ESN.exome.cram	5159075716	4.80476367846	bea55e025524600b5002e1ee26613eb0-50
HG03306.alt_bwamem_GRCh38DH.20150826.ESN.exome.cram	2101536746	1.95720861293	9ec452f4e0bf475a0074b0a62fd5e7f7-21
HG03343.alt_bwamem_GRCh38DH.20150826.ESN.exome.cram	1737487626	1.61816144921	222d637df64c7863586e78f584a80d95-17
HG03351.alt_bwamem_GRCh38DH.20150826.ESN.exome.cram	3473821292	3.23524818942	9c5cf9961992c6aa8bc94fb610283a29-34
HG03361.alt_bwamem_GRCh38DH.20150826.ESN.exome.cram	2549626295	2.37452452537	3521aeeff584d3420569acca81a839e5-25
HG03367.alt_bwamem_GRCh38DH.20150826.ESN.exome.cram	4082724448	3.80233344436	0fa857f47496f4c69b854288440df14c-39
HG03369.alt_bwamem_GRCh38DH.20150826.ESN.exome.cram	2251253466	2.09664317407	dd43cd36f5dd7be40ac152585b658a8f-22
HG03372.alt_bwamem_GRCh38DH.20150826.ESN.exome.cram	1862906836	1.73496719077	b7a6d832dc7b1502dc7812d7b34ee8bd-18
HG03383.alt_bwamem_GRCh38DH.20150826.MSL.exome.cram	2220156844	2.067682188	724bd3bf18a28feaf145139f9fbed7fc-22
HG03394.alt_bwamem_GRCh38DH.20150826.MSL.exome.cram	2203964472	2.05260186642	7a10845b50ddfd9b47f5fb58add0abc9-22
HG03401.alt_bwamem_GRCh38DH.20150826.MSL.exome.cram	3963733900	3.69151486084	27b7eeef8876963533398c8bc87b46fe-38
HG03408.alt_bwamem_GRCh38DH.20150826.MSL.exome.cram	1294916399	1.20598487463	9848e176eaa036f857bb5dac5d932f86-13
HG03410.alt_bwamem_GRCh38DH.20150826.MSL.exome.cram	5407172097	5.03582143877	18148975abf347830a76eece7fe92997-52
HG03419.alt_bwamem_GRCh38DH.20150826.MSL.exome.cram	4020980501	3.74482991267	ee40517afacff96f8aa93c38d6f3a4d9-39
HG03428.alt_bwamem_GRCh38DH.20150826.MSL.exome.cram	4727604160	4.40292447805	e883e59691972793b54d82c4e536b9c1-46
HG03431.alt_bwamem_GRCh38DH.20150826.MSL.exome.cram	2579726466	2.40255749412	cccfb9dd498e73b011b9ed1b37966bcf-25
HG03445.alt_bwamem_GRCh38DH.20150826.MSL.exome.cram	4501231035	4.19209807646	8f4d1c24830472ac9c0559aac2fc605c-43
HG03446.alt_bwamem_GRCh38DH.20150826.MSL.exome.cram	4560866859	4.2476382656	ba0b98b0c95d16f4674a001e14cf3cd2-44
HG03449.alt_bwamem_GRCh38DH.20150826.MSL.exome.cram	4691162640	4.36898566782	f30866fc50e9974994868061f9cd7cec-45
HG03451.alt_bwamem_GRCh38DH.20150826.MSL.exome.cram	2587011767	2.4093424594	17b4fdd5f55146dcb08405d07b530efe-25
HG03452.alt_bwamem_GRCh38DH.20150826.MSL.exome.cram	2278282359	2.12181579228	1722f43b07b316487721718ec2d062bd-22
HG03460.alt_bwamem_GRCh38DH.20150826.MSL.exome.cram	4074242479	3.79443399515	489742f4a5f7c3230ad18b4af390d6b5-39
HG03469.alt_bwamem_GRCh38DH.20150826.MSL.exome.cram	2625638407	2.44531632122	0591721d56aed0ec7497ab6308602ca5-26
HG03472.alt_bwamem_GRCh38DH.20150826.MSL.exome.cram	2204962424	2.05353128165	1c4342ceb773f0eeedc3dadd5bcd150b-22
HG03476.alt_bwamem_GRCh38DH.20150826.MSL.exome.cram	1540811854	1.43499286287	00b179897ae2a8b086c1842f5863ccd0-15
HG03484.alt_bwamem_GRCh38DH.20150826.MSL.exome.cram	1732855233	1.61384719703	855e67c3ccd7875442be790fefb97657-17
HG03485.alt_bwamem_GRCh38DH.20150826.MSL.exome.cram	1531659953	1.42646949086	7b4ebf91028e14a6a4bf4f09918a910a-15
HG03491.alt_bwamem_GRCh38DH.20150826.PJL.exome.cram	2150463019	2.00277475547	0ffae75d9b2928ef5a0e5acc40189e79-21
HG03493.alt_bwamem_GRCh38DH.20150826.ESN.exome.cram	1920998798	1.78906954639	3376847c179d08a36b5718e7287c521e-19
HG03508.alt_bwamem_GRCh38DH.20150826.ESN.exome.cram	2005850255	1.86809362378	84882e3dddc43d4921332b370518b3f3-20
HG03515.alt_bwamem_GRCh38DH.20150826.ESN.exome.cram	4704778759	4.38166666683	45c11bc1a58690a4922307bd29589247-45
HG03518.alt_bwamem_GRCh38DH.20150826.ESN.exome.cram	1672675251	1.55780022126	6acd2f15e806c4df111c2a2b2759d9dc-16
HG03521.alt_bwamem_GRCh38DH.20150826.ESN.exome.cram	1701897159	1.58501524385	35112612195dcd81a1ea2b8e435423b3-17
HG03547.alt_bwamem_GRCh38DH.20150826.MSL.exome.cram	1565370472	1.45786485821	ed17f3793d49d2334aba85137aa0557e-15
HG03557.alt_bwamem_GRCh38DH.20150826.MSL.exome.cram	1771775192	1.65009423345	ecb99a69dd74310fead8ec72fe592a6b-17
HG03559.alt_bwamem_GRCh38DH.20150826.MSL.exome.cram	2177327175	2.0277939504	a33d207b507e9612bf2731f080537e73-21
HG03567.alt_bwamem_GRCh38DH.20150826.MSL.exome.cram	1825158450	1.69981126674	612803bee89e200a18e06fcc64ab065f-18
HG03574.alt_bwamem_GRCh38DH.20150826.MSL.exome.cram	2602555558	2.42381874286	a83ee5547014a8ff257cf378e0a78689-25
HG03582.alt_bwamem_GRCh38DH.20150826.MSL.exome.cram	3261460545	3.03747183178	5bc3067f82e8c5b3d8fcd21b74305f02-32
HG03583.alt_bwamem_GRCh38DH.20150826.MSL.exome.cram	1381010340	1.28616610542	a7d557a30af03d6c12ff7a9d3c43d55a-14
HG03585.alt_bwamem_GRCh38DH.20150826.BEB.exome.cram	1382526976	1.28757858276	818a55bf3e4f74fe297a97e2d42b574c-14
HG03595.alt_bwamem_GRCh38DH.20150826.BEB.exome.cram	4817562050	4.48670429178	e4bade80fddaa67d2591809e26912a08-46
HG03603.alt_bwamem_GRCh38DH.20150826.BEB.exome.cram	5106374337	4.75568169449	b72b5e307f986801f662595d319fc5f6-49
HG03621.alt_bwamem_GRCh38DH.20150826.PJL.exome.cram	1901421991	1.77083722409	b619d67c23abfc10f0b08652e32cf02b-19
HG03624.alt_bwamem_GRCh38DH.20150826.PJL.exome.cram	2871204382	2.67401745729	b37062f21016f8a8cc2b5f1db478abb2-28
HG03631.alt_bwamem_GRCh38DH.20150826.PJL.exome.cram	2382738303	2.21909797098	ea0a57c8dee3595ce3bc423cfdb81f8f-23
HG03633.alt_bwamem_GRCh38DH.20150826.PJL.exome.cram	131171985	0.122163430788	aa2530f641b953f013d32f71ee612072-2
HG03644.alt_bwamem_GRCh38DH.20150826.STU.exome.cram	1997562806	1.86037533544	269fbbc7a04707d3e7e59fe642234437-20
HG03660.alt_bwamem_GRCh38DH.20150826.PJL.exome.cram	2110668232	1.96571297199	ac23749257efb1711bc43eb0bb62b780-21
HG03667.alt_bwamem_GRCh38DH.20150826.PJL.exome.cram	5247220028	4.88685446605	7b930647a41f3f8304dbb150765cea6b-51
HG03668.alt_bwamem_GRCh38DH.20150826.PJL.exome.cram	5370898915	5.00203940552	13930f9145b6c671bc8e06f6c6f28dda-52
HG03679.alt_bwamem_GRCh38DH.20150826.STU.exome.cram	2325300249	2.16560461465	baac571665c4aceffa9d4633a17aa7d4-23
HG03684.alt_bwamem_GRCh38DH.20150826.STU.exome.cram	1791820430	1.66876281612	58b32839ab4a51523c12e2a9408483ea-18
HG03685.alt_bwamem_GRCh38DH.20150826.STU.exome.cram	2044005205	1.90362819005	ed6b003d50d764d168ed398b7876290b-20
HG03689.alt_bwamem_GRCh38DH.20150826.STU.exome.cram	4452587825	4.14679555688	647284e4830e8e2a487b46d595edd99e-43
HG03692.alt_bwamem_GRCh38DH.20150826.STU.exome.cram	2225274694	2.07244855724	092a2580e3c4f19647a8f4932ef2354f-22
HG03699.alt_bwamem_GRCh38DH.20150826.PJL.exome.cram	6325299336	5.89089406282	b2fb9c49a2a7dbb0c443298f9610701b-61
HG03700.alt_bwamem_GRCh38DH.20150826.PJL.exome.cram	4193396797	3.90540510137	8aafc97d08b2a96624aa173d318c3369-40
HG03702.alt_bwamem_GRCh38DH.20150826.PJL.exome.cram	3029900700	2.82181492075	794f04af37fb0cac0bcf383e8fb51931-29
HG03705.alt_bwamem_GRCh38DH.20150826.PJL.exome.cram	2242410425	2.08840745036	bcd7d835644b5f2ec1c2a6daf8ed9c84-22
HG03711.alt_bwamem_GRCh38DH.20150826.STU.exome.cram	4653580739	4.33398479503	1799a7d1729a696077f3688448438a21-45
HG03713.alt_bwamem_GRCh38DH.20150826.ITU.exome.cram	2604532087	2.42565952893	6919b42cea3dc5022b6cbd1d0de9974c-25
HG03716.alt_bwamem_GRCh38DH.20150826.ITU.exome.cram	1999342807	1.86203309055	3101cd243ab69f31f1a0d541143a9fa6-20
HG03720.alt_bwamem_GRCh38DH.20150826.ITU.exome.cram	1696105991	1.57962179836	298613fd22307f25947c1b03c9f52ddd-17
HG03729.alt_bwamem_GRCh38DH.20150826.ITU.exome.cram	2156440818	2.00834201463	9f374bd83ed4d1c3a9d95c15686d39cb-21
HG03736.alt_bwamem_GRCh38DH.20150826.STU.exome.cram	4695265909	4.37280713487	ef28882cbebd03f478123f7f3e7ebf34-45
HG03740.alt_bwamem_GRCh38DH.20150826.STU.exome.cram	1872291439	1.7437072834	200fa55dd2de90797598e9331b7fc500-18
HG03743.alt_bwamem_GRCh38DH.20150826.STU.exome.cram	1898075229	1.76772030909	e26fb4d1e0dd8abc1cdc4b2c2138ab00-19
HG03765.alt_bwamem_GRCh38DH.20150826.PJL.exome.cram	2155226440	2.00721103698	1cc7487b8680c8d1f2a7bbc02db426c0-21
HG03770.alt_bwamem_GRCh38DH.20150826.ITU.exome.cram	2009226173	1.87123769242	e38ea0e3b19c8bde0bef5541d868e6ee-20
HG03771.alt_bwamem_GRCh38DH.20150826.ITU.exome.cram	2072736095	1.93038591649	2a6514df7e87cd95ceb6e3ebec8dd663-20
HG03772.alt_bwamem_GRCh38DH.20150826.ITU.exome.cram	2163712212	2.01511402801	87ed2e9a3c8003cc193b47f573d9df5d-21
HG03774.alt_bwamem_GRCh38DH.20150826.ITU.exome.cram	2009245004	1.87125523016	bf7b37547fe42a76bc51d9ad28a469eb-20
HG03778.alt_bwamem_GRCh38DH.20150826.ITU.exome.cram	6073568281	5.65645124856	020e132815ed334bd6f9b54aac28845b-58
HG03782.alt_bwamem_GRCh38DH.20150826.ITU.exome.cram	3598402990	3.35127393715	7ad5008da315d812c71f4ac32a8c8afa-35
HG03784.alt_bwamem_GRCh38DH.20150826.ITU.exome.cram	2188435544	2.03813942522	db534136801c494cfb56a4108197abce-21
HG03786.alt_bwamem_GRCh38DH.20150826.ITU.exome.cram	1714402176	1.59666144848	2b064d6a88648694068b3fe02a29e054-17
HG03792.alt_bwamem_GRCh38DH.20150826.ITU.exome.cram	3874626369	3.60852700565	1b429f7df44dcefad20e483ae55bdcb0-37
HG03797.alt_bwamem_GRCh38DH.20150826.BEB.exome.cram	2011816168	1.87364981323	67df54dd8c7273b739a2a4fdab64e47c-20
HG03802.alt_bwamem_GRCh38DH.20150826.BEB.exome.cram	1954815317	1.82056363393	b9f2d2905e6eb61755609d8b1a8be634-19
HG03821.alt_bwamem_GRCh38DH.20150826.BEB.exome.cram	2915946390	2.71568669938	0467e291975408b7fc16ac51a6889fcc-28
HG03838.alt_bwamem_GRCh38DH.20150826.STU.exome.cram	3315733018	3.08801701106	ff884527758152ab0b94ec2df0761767-32
HG03845.alt_bwamem_GRCh38DH.20150826.STU.exome.cram	3527096681	3.28486476187	57d2b3a40f7e39f8dc7e9b4561562d30-34
HG03854.alt_bwamem_GRCh38DH.20150826.STU.exome.cram	3100430821	2.88750121463	f672d61a08bc316029e1f5e86d1eaa2b-30
HG03864.alt_bwamem_GRCh38DH.20150826.ITU.exome.cram	1939454881	1.80625811312	66d373aa921f6a8a959e5e20818b01be-19
HG03867.alt_bwamem_GRCh38DH.20150826.ITU.exome.cram	1946316133	1.812648152	bca77ed31dbd81a888668eeea269d1eb-19
HG03870.alt_bwamem_GRCh38DH.20150826.ITU.exome.cram	2333257506	2.17301538773	329e2573d7888f5f3a821b858d7b32c7-23
HG03872.alt_bwamem_GRCh38DH.20150826.ITU.exome.cram	2011175236	1.87305289879	2f46f89be44ac786a9dfaa56240435fb-20
HG03890.alt_bwamem_GRCh38DH.20150826.STU.exome.cram	2168079039	2.01918095257	e1fd125a4ab3a41763090185714535ca-21
HG03897.alt_bwamem_GRCh38DH.20150826.STU.exome.cram	2197958817	2.04700866435	60fa17e7640a953a2ac96dfd8f250cdb-21
HG03898.alt_bwamem_GRCh38DH.20150826.STU.exome.cram	2117330349	1.97191755194	a60937ba9161a2286025d4bdd9e18549-21
HG03901.alt_bwamem_GRCh38DH.20150826.BEB.exome.cram	2566014114	2.38978687115	705de1564198480e3cb1f5cab3dc6d00-25
HG03916.alt_bwamem_GRCh38DH.20150826.BEB.exome.cram	1675033247	1.55999627616	423b302a80bd51af008e3a4e59735afd-16
HG03920.alt_bwamem_GRCh38DH.20150826.BEB.exome.cram	4902687138	4.5659832079	603bde980d54a9ed916b6afa22713b66-47
HG03934.alt_bwamem_GRCh38DH.20150826.BEB.exome.cram	1589563784	1.48039663583	324b5d798de5bc6612fa2355ea569e8d-16
HG03937.alt_bwamem_GRCh38DH.20150826.BEB.exome.cram	1608760176	1.49827466905	31dc55ffb902aed6d0e8c6ff250f3b72-16
HG03943.alt_bwamem_GRCh38DH.20150826.STU.exome.cram	2103743594	1.95926390029	dbfa41cc0996e39a45deca2daca53b3a-21
HG03944.alt_bwamem_GRCh38DH.20150826.STU.exome.cram	2507017895	2.33484236058	f907a119a32821a7109d851275577340-24
HG03947.alt_bwamem_GRCh38DH.20150826.STU.exome.cram	2145694259	1.99833350163	23ec8d381fe8dce710344436a1623a35-21
HG03951.alt_bwamem_GRCh38DH.20150826.STU.exome.cram	4088328407	3.80755253788	9797e7f20101768cc30f8f3c4ae328c4-39
HG03953.alt_bwamem_GRCh38DH.20150826.STU.exome.cram	2034407605	1.89468972851	8c0438831c87d3d8c4c883d9d0b4e8b9-20
HG03963.alt_bwamem_GRCh38DH.20150826.ITU.exome.cram	1974800618	1.83917639591	8947864c6083ffe6e871bc035483dc4a-19
HG03965.alt_bwamem_GRCh38DH.20150826.ITU.exome.cram	5646670899	5.25887207966	b77a8f1e2d4420132e507799d1e5b449-54
HG03971.alt_bwamem_GRCh38DH.20150826.ITU.exome.cram	5033018574	4.68736381643	53042e0accf3198b30bd13a89e6ccb82-48
HG03973.alt_bwamem_GRCh38DH.20150826.ITU.exome.cram	4337222364	4.03935309872	8d8ff741672e588a5db7813dcc7e136d-42
HG03977.alt_bwamem_GRCh38DH.20150826.ITU.exome.cram	1995362237	1.85832589585	0ef9ed44603ed270bf82fb2b4d5f222c-20
HG03978.alt_bwamem_GRCh38DH.20150826.ITU.exome.cram	1994935247	1.85792823043	a15cc8c9e5fb681b8b4ee85fb7e4bebb-20
HG03989.alt_bwamem_GRCh38DH.20150826.STU.exome.cram	2453970534	2.28543815576	298a81015d71009c5483af516d004033-24
HG04019.alt_bwamem_GRCh38DH.20150826.ITU.exome.cram	1877476015	1.74853579607	4ac2dc95bdd1574f5020714a78cb1149-18
HG04024.alt_bwamem_GRCh38DH.20150826.ITU.exome.cram	1260613430	1.17403774522	a7616a3c87e688476a0ee4ed6363482b-13
HG04033.alt_bwamem_GRCh38DH.20150826.STU.exome.cram	2085141126	1.9419390019	230283c2fe7158fd7486abbe7ec73db4-20
HG04035.alt_bwamem_GRCh38DH.20150826.STU.exome.cram	2387575466	2.22360293008	d45c2063acc9cf4335f883c0ea74d339-23
HG04037.alt_bwamem_GRCh38DH.20150826.STU.exome.cram	2850962450	2.65516568907	e87cb53399ed3e7e93424120fd0aa1ea-28
HG04047.alt_bwamem_GRCh38DH.20150826.STU.exome.cram	2534646782	2.36057376675	54e84bb101130864dc869e3394bb1b67-25
HG04055.alt_bwamem_GRCh38DH.20150826.ITU.exome.cram	2312355485	2.15354886372	966fc23f4c6880a077a9598c3a5fe751-23
HG04061.alt_bwamem_GRCh38DH.20150826.ITU.exome.cram	2631003357	2.45031282026	03e40b4a72d22e57b123aab0fbdb60fc-26
HG04063.alt_bwamem_GRCh38DH.20150826.ITU.exome.cram	2349896542	2.18851169758	ebbcd3c67ddbc88a2a1ca7a433a6b550-23
HG04070.alt_bwamem_GRCh38DH.20150826.ITU.exome.cram	4164996460	3.87895522639	336dcb7bc1fc646ab48937e1987c0ebe-40
HG04075.alt_bwamem_GRCh38DH.20150826.STU.exome.cram	5876722324	5.47312416509	8d08aa402bfb76d9952bd8515e9860bf-57
HG04080.alt_bwamem_GRCh38DH.20150826.ITU.exome.cram	1986311756	1.84989697859	3066dd88e73a1d3f60a840578748dad9-19
HG04090.alt_bwamem_GRCh38DH.20150826.ITU.exome.cram	1950464807	1.81651190575	2aaefd74b53f8da2aae4f40b8d608607-19
HG04098.alt_bwamem_GRCh38DH.20150826.ITU.exome.cram	3890315497	3.62313864473	07763ebb4ddf29749b047545dc3efc1a-38
HG04107.alt_bwamem_GRCh38DH.20150826.STU.exome.cram	2042514960	1.90224029124	e1e05a6fc6e59461cb5bccc3d426d934-20
HG04128.alt_bwamem_GRCh38DH.20150826.BEB.exome.cram	4342298544	4.04408065975	ef510427bab237fbca38d3e967974f13-42
HG04131.alt_bwamem_GRCh38DH.20150826.BEB.exome.cram	2715372059	2.52888729703	fc9f34e505c4086295be495bd1ec6d6f-26
HG04134.alt_bwamem_GRCh38DH.20150826.BEB.exome.cram	2152957775	2.00509817805	1686480d9c657f4cd1efe5e83e0147fd-21
HG04140.alt_bwamem_GRCh38DH.20150826.BEB.exome.cram	2788680587	2.59716118407	13a9f61c3a27defaa9f2e24428cb0c0c-27
HG04141.alt_bwamem_GRCh38DH.20150826.BEB.exome.cram	2893135752	2.69444263726	8bcbcf60197fb10f6196d7e2dbffad8e-28
HG04146.alt_bwamem_GRCh38DH.20150826.BEB.exome.cram	1655670484	1.54196329787	b9ab049cebd679b1d4a671bbd94ca0cc-16
HG04147.alt_bwamem_GRCh38DH.20150826.BEB.exome.cram	2331219020	2.1711168997	05330f03f9d8bf7b931847e0443c885d-23
HG04149.alt_bwamem_GRCh38DH.20150826.BEB.exome.cram	330747291	0.308032418601	16ea66ff7707d208e2fd94130253a264-4
HG04156.alt_bwamem_GRCh38DH.20150826.BEB.exome.cram	1573430666	1.46537149884	0afa0b4e6ab02a560754fa44b41d93fc-16
HG04171.alt_bwamem_GRCh38DH.20150826.BEB.exome.cram	4744442710	4.41860659979	67a2d002d132db3722049a153d2ab033-46
HG04174.alt_bwamem_GRCh38DH.20150826.BEB.exome.cram	2416757792	2.25078108907	e4ed6f303ecc9c473c439e33e75d9f94-24
HG04176.alt_bwamem_GRCh38DH.20150826.BEB.exome.cram	4156319828	3.87087448314	0cf2266cc7acff9442305aed2d0b04ec-40
HG04177.alt_bwamem_GRCh38DH.20150826.BEB.exome.cram	4523232774	4.21258879267	9c7ace399c80d4af6a5650bf998bac2a-44
HG04185.alt_bwamem_GRCh38DH.20150826.BEB.exome.cram	2865127271	2.66835770663	2359c153de88cddfdb22d06b6e3341ea-28
HG04189.alt_bwamem_GRCh38DH.20150826.BEB.exome.cram	3337072338	3.1078908015	8b177ba855ac596818445a40253153ab-32
HG04192.alt_bwamem_GRCh38DH.20150826.BEB.exome.cram	2292101072	2.13468547165	35f3e5efaf0b6f5a13fb7bb466f381da-22
HG04195.alt_bwamem_GRCh38DH.20150826.BEB.exome.cram	3213579613	2.99287923891	c503e585d76c0358444641d70654ee29-31
HG04202.alt_bwamem_GRCh38DH.20150826.ITU.exome.cram	4290431486	3.99577569775	51f0f62765614ab5d8b813496a2e85b7-41
HG04209.alt_bwamem_GRCh38DH.20150826.ITU.exome.cram	3669299490	3.41730144806	1deb86adecae17807a015d94004bef9f-35
HG04211.alt_bwamem_GRCh38DH.20150826.ITU.exome.cram	5343629048	4.97664236277	94c1fb53830f20fc4f7da3a9e773d489-51
HG04216.alt_bwamem_GRCh38DH.20150826.ITU.exome.cram	7504158734	6.98879243247	ed02baf6d87dd83e6ead5cdc1e819d6f-72
HG04229.alt_bwamem_GRCh38DH.20150826.STU.exome.cram	4472752238	4.16557512991	cbfbc5aea7c82accc2611302d2ef0726-43
HG04238.alt_bwamem_GRCh38DH.20150826.ITU.exome.cram	3852995350	3.58838154934	9efca25c468f4fa3d6da02da6865beda-37
HG04302.alt_bwamem_GRCh38DH.20150826.GBR.exome.cram	2364049468	2.20169263706	e1d438b6367be5923831bf571728d2fe-23
NA06994.alt_bwamem_GRCh38DH.20150826.CEU.exome.cram	2988269180	2.78304254636	66f2eb58036554a5bce6b75b6bb0050d-29
NA07037.alt_bwamem_GRCh38DH.20150826.CEU.exome.cram	3767354538	3.50862232782	9e56c92f17fa92339069796034853818-36
NA07051.alt_bwamem_GRCh38DH.20150826.CEU.exome.cram	6120848932	5.70048478618	589ccf1f9988be4f3d4c0f9f499eaa37-59
NA07056.alt_bwamem_GRCh38DH.20150826.CEU.exome.cram	1395993271	1.30012004729	373586bf02834f57bf00f9eb48490ac7-14
NA07357.alt_bwamem_GRCh38DH.20150826.CEU.exome.cram	1883564813	1.7542064311	094f30cb8fa93cbcfe0ab2a0f289ac51-18
NA11830.alt_bwamem_GRCh38DH.20150826.CEU.exome.cram	2066254145	1.92434913013	ba2bbbab19cd917b7677bebfe70243b6-20
NA11893.alt_bwamem_GRCh38DH.20150826.CEU.exome.cram	3600715832	3.35342793912	4a53c8fd57d7c49ab606ad52df71eacb-35
NA11919.alt_bwamem_GRCh38DH.20150826.CEU.exome.cram	6984674342	6.50498489104	3edbae0f044003a84848c3b4fe593864-67
NA11992.alt_bwamem_GRCh38DH.20150826.CEU.exome.cram	1954600199	1.82036328968	97f8477cef9bb302dde07534a50942a9-19
NA11993.alt_bwamem_GRCh38DH.20150826.CEU.exome.cram	2123604137	1.97776047233	7cab063514b3425e43630e5798435abc-21
NA11994.alt_bwamem_GRCh38DH.20150826.CEU.exome.cram	2458331758	2.28949986212	514f06db3c2837cf6fcd01ed76ae7295-24
NA12005.alt_bwamem_GRCh38DH.20150826.CEU.exome.cram	2170460530	2.0213988889	62c2521c05e47d2afe44844abd0be5d6-21
NA12043.alt_bwamem_GRCh38DH.20150826.CEU.exome.cram	3026021675	2.8182022972	4cd20d6d6dbc49bbbdd4692d01caf7a0-29
NA12046.alt_bwamem_GRCh38DH.20150826.CEU.exome.cram	1591807397	1.48248616327	a63d0cb8dc9510a53ab1214e7b54f9c8-16
NA12058.alt_bwamem_GRCh38DH.20150826.CEU.exome.cram	4973411372	4.63185028359	7d8425c33b7453e4451ee9d8a0f5fed4-48
NA12156.alt_bwamem_GRCh38DH.20150826.CEU.exome.cram	1350507549	1.25775816757	82b0731cf15f9e73f22dc45a95369dcf-13
NA12234.alt_bwamem_GRCh38DH.20150826.CEU.exome.cram	2094668109	1.95081169624	6e4586ead2336c72a330be0db1b8307c-20
NA12249.alt_bwamem_GRCh38DH.20150826.CEU.exome.cram	3190869991	2.97172925528	d141a8d7a4da1c9fac55de27d076a909-31
NA12273.alt_bwamem_GRCh38DH.20150826.CEU.exome.cram	2520036714	2.34696708061	f17e09332a20ce08f75c699ad1603f28-25
NA12275.alt_bwamem_GRCh38DH.20150826.CEU.exome.cram	6551847003	6.10188301932	b458d578bc39392fc94bad9f6e6e34d7-63
NA12341.alt_bwamem_GRCh38DH.20150826.CEU.exome.cram	4285732288	3.99139922857	6d3bafdda413ddfdf92fb12945b75667-41
NA12347.alt_bwamem_GRCh38DH.20150826.CEU.exome.cram	3393159704	3.16012623161	fd2c09b8a265382173a29c473a921c34-33
NA12348.alt_bwamem_GRCh38DH.20150826.CEU.exome.cram	3416816702	3.1821585279	442074fd27747c7a40574f397c69c0f3-33
NA12717.alt_bwamem_GRCh38DH.20150826.CEU.exome.cram	2912900832	2.71285030246	e663136e6f53b0200e564954f67b7a53-28
NA12748.alt_bwamem_GRCh38DH.20150826.CEU.exome.cram	4488699512	4.18042718619	1aac0db72fc8b8dbd6ef808db30f92e5-43
NA12750.alt_bwamem_GRCh38DH.20150826.CEU.exome.cram	2601360842	2.42270607688	51e183c2272779795de4f8c29a6a941c-25
NA12761.alt_bwamem_GRCh38DH.20150826.CEU.exome.cram	2253152962	2.09841221757	6e0def831d9ae1648f5a6e91f8ed363e-22
NA12763.alt_bwamem_GRCh38DH.20150826.CEU.exome.cram	2918875209	2.71841437463	0f6097d552f9f237aba2fc2b39a5d5c2-28
NA12778.alt_bwamem_GRCh38DH.20150826.CEU.exome.cram	3857457482	3.59253723361	97d3b5f566e299c8605f7d04f277b261-37
NA12842.alt_bwamem_GRCh38DH.20150826.CEU.exome.cram	9259061826	8.62317329831	1f14ed9bcf49c4524a44853360b60d44-89
NA12889.alt_bwamem_GRCh38DH.20150826.CEU.exome.cram	7938751765	7.39353873301	18bc7811dcb8acb0e3623bf79a4db9ad-76
NA18487.alt_bwamem_GRCh38DH.20150826.YRI.exome.cram	1789433310	1.66653963737	b6498d4f26048ef386026e03bbefcc9f-18
NA18488.alt_bwamem_GRCh38DH.20150826.YRI.exome.cram	6561992172	6.11133144423	41bc13b72bf7608c2e1b1b721fd44eb9-63
NA18498.alt_bwamem_GRCh38DH.20150826.YRI.exome.cram	2934993994	2.73342616297	ef9d09a1c66ae69f8460b3eb1119da2d-28
NA18501.alt_bwamem_GRCh38DH.20150826.YRI.exome.cram	5199767653	4.84266099799	90b766984ee162bda0af7a0665b270cd-50
NA18502.alt_bwamem_GRCh38DH.20150826.YRI.exome.cram	2183518521	2.0335600907	7cf53d8471d5a0c9052f6394ce24bb78-21
NA18504.alt_bwamem_GRCh38DH.20150826.YRI.exome.cram	6155881151	5.73311108258	37b640a4f21dea93038dd8a2243fed6b-59
NA18508.alt_bwamem_GRCh38DH.20150826.YRI.exome.cram	3150021411	2.93368605059	c0973a61866c656dfa077e49725a2347-31
NA18525.alt_bwamem_GRCh38DH.20150826.CHB.exome.cram	4102777029	3.82100886572	1ab6afabfe9af96890746702dd886bf2-40
NA18530.alt_bwamem_GRCh38DH.20150826.CHB.exome.cram	3659542732	3.40821475908	3c48de32238ec1903255bf416634fd69-35
NA18536.alt_bwamem_GRCh38DH.20150826.CHB.exome.cram	3865610920	3.60013071448	5b02d60e4d6403ecda70ea29c0dde0e5-37
NA18537.alt_bwamem_GRCh38DH.20150826.CHB.exome.cram	3423236553	3.18813748006	20bcbdb13040d570628df2ad1729be4e-33
NA18543.alt_bwamem_GRCh38DH.20150826.CHB.exome.cram	3780972902	3.52130541764	6853f9c36438adcbfe9e7dc8d1925bc8-37
NA18544.alt_bwamem_GRCh38DH.20150826.CHB.exome.cram	3398323547	3.16493543517	637350d13cb70cd2da803b2414800e79-33
NA18547.alt_bwamem_GRCh38DH.20150826.CHB.exome.cram	3454966594	3.21768838353	ffeb277ceb1251b2ada598ccfd3ab1f7-33
NA18552.alt_bwamem_GRCh38DH.20150826.CHB.exome.cram	4156959060	3.87146981433	cf1f8a2fbd7fae5f6a58d2bb42afd86c-40
NA18558.alt_bwamem_GRCh38DH.20150826.CHB.exome.cram	3077755456	2.86638313532	73c76b37777f019551811890bbed2be5-30
NA18560.alt_bwamem_GRCh38DH.20150826.CHB.exome.cram	6859766587	6.38865547907	5d053c6aab5988188ac1246e128ac0a1-66
NA18564.alt_bwamem_GRCh38DH.20150826.CHB.exome.cram	3790913284	3.5305631198	b273566449f32773713eb6b0a1bf6d3a-37
NA18577.alt_bwamem_GRCh38DH.20150826.CHB.exome.cram	5214449396	4.85633443668	07b34523e32feaf1cb86bec021c0f181-50
NA18595.alt_bwamem_GRCh38DH.20150826.CHB.exome.cram	3301502728	3.07476402074	5fc54450e3aeac8569466b8fea2cd13d-32
NA18596.alt_bwamem_GRCh38DH.20150826.CHB.exome.cram	3592190751	3.34548833873	b1ee22b107379e216c4fa686f700c6d4-35
NA18603.alt_bwamem_GRCh38DH.20150826.CHB.exome.cram	3532422649	3.2898249561	dcb61d354e6e5c8486e447e84660a0ed-34
NA18605.alt_bwamem_GRCh38DH.20150826.CHB.exome.cram	3109566265	2.89600925986	ad572885d627f2d0be6642e0f6c78e54-30
NA18608.alt_bwamem_GRCh38DH.20150826.CHB.exome.cram	3139184129	2.92359304521	beeececb91cb72f0d0817ab604667384-30
NA18611.alt_bwamem_GRCh38DH.20150826.CHB.exome.cram	3072447440	2.86143966019	0f730ede3f8d6180faef09314fe3f0ba-30
NA18613.alt_bwamem_GRCh38DH.20150826.CHB.exome.cram	3750447853	3.49287675042	f4f405299c1231c3e015ec5518b14c0b-36
NA18617.alt_bwamem_GRCh38DH.20150826.CHB.exome.cram	3594085474	3.34725293703	55ddbf198488deb239cdb5b5ee5bee0a-35
NA18619.alt_bwamem_GRCh38DH.20150826.CHB.exome.cram	2179138824	2.02948118001	6725a8ca7ec5e7181a5a3fe3a8a44c89-21
NA18620.alt_bwamem_GRCh38DH.20150826.CHB.exome.cram	3790473083	3.53015315067	18e8a9f49d054e6ee179915c5079d4cd-37
NA18624.alt_bwamem_GRCh38DH.20150826.CHB.exome.cram	2777970788	2.58718690649	e1651c0320bae8efb2199df9ca2c0f7c-27
NA18625.alt_bwamem_GRCh38DH.20150826.CHB.exome.cram	1559709789	1.45259293634	f76ffbd7a951582c0433eeb9a93b1717-15
NA18630.alt_bwamem_GRCh38DH.20150826.CHB.exome.cram	1737501267	1.61817415338	bd5f207f34baa4f38797ba894761ca5b-17
NA18636.alt_bwamem_GRCh38DH.20150826.CHB.exome.cram	4243466768	3.95203639567	1c137bd5b458ba3ce7b04253be2959b4-41
NA18638.alt_bwamem_GRCh38DH.20150826.CHB.exome.cram	6858624369	6.38759170566	f1ef45c4551c5652fad48252c57ea3c5-66
NA18644.alt_bwamem_GRCh38DH.20150826.CHB.exome.cram	2808057655	2.61520748492	c28b69bf1372e89069486b1c37c2e279-27
NA18648.alt_bwamem_GRCh38DH.20150826.CHB.exome.cram	2408467812	2.24306044355	6fe6e4f986f41ed934bfa14518bdf91d-23
NA18749.alt_bwamem_GRCh38DH.20150826.CHB.exome.cram	2746690129	2.55805452261	06bd98590854b0bdc1a05d528fc2960c-27
NA18757.alt_bwamem_GRCh38DH.20150826.CHB.exome.cram	1997133342	1.85997536592	8bb0bb8e54deac138b813048bdb358a2-20
NA18864.alt_bwamem_GRCh38DH.20150826.YRI.exome.cram	3969050512	3.69646634161	b736f6939599444257996949fe76f809-38
NA18876.alt_bwamem_GRCh38DH.20150826.YRI.exome.cram	4368630867	4.0686045466	289d4e435c4c77dec2a8afbf3e7ea34b-42
NA18877.alt_bwamem_GRCh38DH.20150826.YRI.exome.cram	3380336823	3.14818399306	f47fa74a8e64e5349e7a49a25eed9aa9-33
NA18881.alt_bwamem_GRCh38DH.20150826.YRI.exome.cram	5887645854	5.48329749517	963c50254423979505a2d8050c9757bc-57
NA18908.alt_bwamem_GRCh38DH.20150826.YRI.exome.cram	4830731917	4.49896968622	39a3a1b0ad983f6ef2ea212c41724bf8-47
NA18916.alt_bwamem_GRCh38DH.20150826.YRI.exome.cram	3416916177	3.18225117121	00c79034b8971b1da24eabc89e6f230e-33
NA18924.alt_bwamem_GRCh38DH.20150826.YRI.exome.cram	3493553068	3.25362483785	73d7c7ccfc132b70f1646595472ef7ec-34
NA18933.alt_bwamem_GRCh38DH.20150826.YRI.exome.cram	3000977725	2.79487830121	7b60cd157d77d72c188b92cf1b31da95-29
NA18941.alt_bwamem_GRCh38DH.20150826.JPT.exome.cram	2479275859	2.30900557619	f280be34a5344c2e05e4a63c7d17afc2-24
NA18942.alt_bwamem_GRCh38DH.20150826.JPT.exome.cram	3296044159	3.06968033221	50fe2ca73f9ac70a547a78061da414da-32
NA18944.alt_bwamem_GRCh38DH.20150826.JPT.exome.cram	3304760107	3.07779769134	423c7732a369940552bf2c2d0ee53848-32
NA18945.alt_bwamem_GRCh38DH.20150826.JPT.exome.cram	3830137479	3.56709349807	7d67c6eaced69f5fb3fff14312e5888d-37
NA18950.alt_bwamem_GRCh38DH.20150826.JPT.exome.cram	6714937003	6.25377241801	c3a48349e3c4911a2863499aab5a665f-65
NA18962.alt_bwamem_GRCh38DH.20150826.JPT.exome.cram	1721724510	1.60348090343	fe5301cd15dde4ec8147bbed1fa54164-17
NA18972.alt_bwamem_GRCh38DH.20150826.JPT.exome.cram	3452336520	3.21523893625	fab05d910682c84e798829dd71e7cba3-33
NA18975.alt_bwamem_GRCh38DH.20150826.JPT.exome.cram	3178122205	2.9598569544	663a98babf19b1d8222d8759b5b0b1a4-31
NA18976.alt_bwamem_GRCh38DH.20150826.JPT.exome.cram	3014304506	2.8072898332	3835b2c7294c64ea576ad8c46c99161e-29
NA18980.alt_bwamem_GRCh38DH.20150826.JPT.exome.cram	3192126206	2.97289919667	faa1d2857123324003348310de8aeed3-31
NA18987.alt_bwamem_GRCh38DH.20150826.JPT.exome.cram	3292737260	3.06660054252	4a82ff5d87b081c2b8d485491c13b62b-32
NA18992.alt_bwamem_GRCh38DH.20150826.JPT.exome.cram	1748107477	1.62805195618	7947f5bd1928a52d5ee6f487c8c5a70c-17
NA18994.alt_bwamem_GRCh38DH.20150826.JPT.exome.cram	1727297104	1.60867078602	49bc83fec714fc0a42eceee64f7767ac-17
NA19000.alt_bwamem_GRCh38DH.20150826.JPT.exome.cram	7240400169	6.74314812664	d8da373db5a6e414d026f685693eb50f-70
NA19001.alt_bwamem_GRCh38DH.20150826.JPT.exome.cram	2045408740	1.90493533388	0b8b9b2b147d06a08811d9ceb9591b1c-20
NA19004.alt_bwamem_GRCh38DH.20150826.JPT.exome.cram	7645293821	7.12023472507	2916df6226a7da548a7a40ed611bb354-73
NA19006.alt_bwamem_GRCh38DH.20150826.JPT.exome.cram	5592602089	5.20851657633	93821df83fa8bc5478f0a52fb47d4d42-54
NA19011.alt_bwamem_GRCh38DH.20150826.JPT.exome.cram	5126313303	4.77425130364	cf7d05b277e583f6572345eef62c0da9-49
NA19017.alt_bwamem_GRCh38DH.20150826.LWK.exome.cram	5302134773	4.93799780775	669b1d0dd0c027a42a0525deb5eabb7e-51
NA19023.alt_bwamem_GRCh38DH.20150826.LWK.exome.cram	2625228882	2.44493492134	d036210e02a3d3c1567c4bc0fe7a7b5f-26
NA19027.alt_bwamem_GRCh38DH.20150826.LWK.exome.cram	2162599345	2.01407758985	23b26820bc58be62949397958af4ef85-21
NA19035.alt_bwamem_GRCh38DH.20150826.LWK.exome.cram	1966041464	1.83101879805	a2383eea58d8b93abc9661949b2fc2a3-19
NA19038.alt_bwamem_GRCh38DH.20150826.LWK.exome.cram	1994889809	1.85788591299	3445332351a579b63324c224e244f5a2-20
NA19043.alt_bwamem_GRCh38DH.20150826.LWK.exome.cram	2298814395	2.14093774091	53488c2e39c3ccdb3ea62b24524b6637-22
NA19056.alt_bwamem_GRCh38DH.20150826.JPT.exome.cram	6146355249	5.724239395	3070e3c6c15b35ef6cdb374cb9a3d24d-59
NA19058.alt_bwamem_GRCh38DH.20150826.JPT.exome.cram	5587865080	5.20410489291	22178c17efd2c2f5f6eae15f6c45d8eb-54
NA19066.alt_bwamem_GRCh38DH.20150826.JPT.exome.cram	6762132953	6.29772707168	b6b61b949a3cfd3149fd08ce9a8946de-65
NA19072.alt_bwamem_GRCh38DH.20150826.JPT.exome.cram	3073565743	2.86248116102	5f662c0a1bd3de4728afb792c72b6144-30
NA19074.alt_bwamem_GRCh38DH.20150826.JPT.exome.cram	2911413538	2.71146515198	2e785d74de1cbe6300e3ca5a7eb15a92-28
NA19083.alt_bwamem_GRCh38DH.20150826.JPT.exome.cram	2958606554	2.75541707315	f0543fea63df4e4879af7e67888538aa-29
NA19084.alt_bwamem_GRCh38DH.20150826.JPT.exome.cram	2220158684	2.06768390164	45655df958790f398e2ce89bf78168e2-22
NA19087.alt_bwamem_GRCh38DH.20150826.JPT.exome.cram	4190369907	3.90258609038	7e741151bc40604df8ebfc4e4e22b40d-40
NA19117.alt_bwamem_GRCh38DH.20150826.YRI.exome.cram	2253327457	2.0985747287	071cb2dbde29ca32f4c009916b570077-22
NA19129.alt_bwamem_GRCh38DH.20150826.YRI.exome.cram	3273481196	3.04866693541	1c47ba2d1c0fdedb767b5ad32d2b1254-32
NA19141.alt_bwamem_GRCh38DH.20150826.YRI.exome.cram	3073784879	2.86268524732	0e366c5bcaad12e19c64fafd8de03a0a-30
NA19144.alt_bwamem_GRCh38DH.20150826.YRI.exome.cram	3026976898	2.81909191795	b6c5ca58a7cea73d5bf606c24c9d7166-29
NA19146.alt_bwamem_GRCh38DH.20150826.YRI.exome.cram	2834306677	2.63965379167	a9ab5dd0d8e16597c3d6f40556650cbc-28
NA19150.alt_bwamem_GRCh38DH.20150826.YRI.exome.cram	2590064837	2.41218585242	2db52acba971acd2771693ed8a84a42c-25
NA19153.alt_bwamem_GRCh38DH.20150826.YRI.exome.cram	3235972016	3.01373378932	5b366e54a5c0677fb7ae1343619e1737-31
NA19159.alt_bwamem_GRCh38DH.20150826.YRI.exome.cram	3066336631	2.85574852582	b7c02783e16d795c9d0486e0a7aa8605-30
NA19184.alt_bwamem_GRCh38DH.20150826.YRI.exome.cram	2080420668	1.93754273281	ec4d9543f5215a75c2158accd295c902-20
NA19197.alt_bwamem_GRCh38DH.20150826.YRI.exome.cram	3079049665	2.86758846138	ace6d63d01135361f0e7b77194cbf54c-30
NA19198.alt_bwamem_GRCh38DH.20150826.YRI.exome.cram	3582410046	3.33637934737	17fd70063192a1d13bd5d6a1d9cbf8b0-35
NA19200.alt_bwamem_GRCh38DH.20150826.YRI.exome.cram	3274484858	3.04960166849	9f647e79e7776e1c34dbda022a4b67ea-32
NA19210.alt_bwamem_GRCh38DH.20150826.YRI.exome.cram	2939371662	2.73750318401	9d426a40d1e67a5b900895c17d86fe9c-29
NA19213.alt_bwamem_GRCh38DH.20150826.YRI.exome.cram	6431975577	5.99024405424	102402f9e4eb73b0ad6288ff445d602f-62
NA19240.alt_bwamem_GRCh38DH.20150826.YRI.exome.cram	4117415014	3.8346415516	69c625215a1fb331f80e08b5caef2489-40
NA19257.alt_bwamem_GRCh38DH.20150826.YRI.exome.cram	4114224443	3.8316701008	a0e80d88cbbf56b5b0f3272b4d527586-40
NA19312.alt_bwamem_GRCh38DH.20150826.LWK.exome.cram	3294393323	3.06814287137	2c18e47ae93010ba0a800ca4c1ca801b-32
NA19317.alt_bwamem_GRCh38DH.20150826.LWK.exome.cram	3458805789	3.22126391251	6d7caca09b04e14b13ef24f034ba58e5-33
NA19319.alt_bwamem_GRCh38DH.20150826.LWK.exome.cram	2853688631	2.65770464297	5c11d7ddf6cc63a99e18c7574fa72132-28
NA19321.alt_bwamem_GRCh38DH.20150826.LWK.exome.cram	3287091499	3.06134251785	e82bfaa65859d6c6534a31dd7510fce4-32
NA19324.alt_bwamem_GRCh38DH.20150826.LWK.exome.cram	3189906901	2.97083230782	ec3082967af881fe52aa6e727777f0f9-31
NA19346.alt_bwamem_GRCh38DH.20150826.LWK.exome.cram	5593525959	5.20937699731	667e59187251942c8a32a0c1122db83d-54
NA19347.alt_bwamem_GRCh38DH.20150826.LWK.exome.cram	9864211346	9.18676270731	6ec5a60831fe31b6fc41cb14a3fc92a9-95
NA19371.alt_bwamem_GRCh38DH.20150826.LWK.exome.cram	1955341301	1.8210534947	d862c3a8dfb8496ee05a033385b0676f-19
NA19375.alt_bwamem_GRCh38DH.20150826.LWK.exome.cram	2785711408	2.59439592063	2a78bbb8e40c36d8569f37197ea8b088-27
NA19376.alt_bwamem_GRCh38DH.20150826.LWK.exome.cram	2104516113	1.95998336468	420e63f0ce6eeb99c969fba82faa2289-21
NA19377.alt_bwamem_GRCh38DH.20150826.LWK.exome.cram	2765476326	2.57555053197	f47dcf77496c433be4efbad4fa12da35-27
NA19378.alt_bwamem_GRCh38DH.20150826.LWK.exome.cram	2149308046	2.00169910304	1dbd38e88cc09ec08b4f12e58c5104aa-21
NA19381.alt_bwamem_GRCh38DH.20150826.LWK.exome.cram	2136866365	1.99011188466	7a60aeea3887abbbf5e4bbd3a453265d-21
NA19384.alt_bwamem_GRCh38DH.20150826.LWK.exome.cram	2318904599	2.15964820143	f40a4125ab96fd21a0927dfa804f7da7-23
NA19394.alt_bwamem_GRCh38DH.20150826.LWK.exome.cram	3222702708	3.00137578323	def971d868ba606e23d9e126d6f86725-31
NA19435.alt_bwamem_GRCh38DH.20150826.LWK.exome.cram	2301244039	2.14320052322	65b1bca7b2fcc47781220e0a7fe89621-22
NA19438.alt_bwamem_GRCh38DH.20150826.LWK.exome.cram	1879593702	1.75050804578	46759985a444f8e1e5bfa3f1e73b8a78-18
NA19439.alt_bwamem_GRCh38DH.20150826.LWK.exome.cram	2831932721	2.63744287286	2d5289d9bfd035091943a8ccca4a25b7-28
NA19440.alt_bwamem_GRCh38DH.20150826.LWK.exome.cram	1833565858	1.7076412756	44a1dc907659a6801bae103e937aeed0-18
NA19443.alt_bwamem_GRCh38DH.20150826.LWK.exome.cram	2611604090	2.43224584498	c5c48010069d7896f39cd2f8b5994b11-25
NA19445.alt_bwamem_GRCh38DH.20150826.LWK.exome.cram	2356796470	2.19493775629	67241d663b6cda69a19da589b6b5e778-23
NA19449.alt_bwamem_GRCh38DH.20150826.LWK.exome.cram	3304214898	3.07728992589	c75fd7546121b39eff7e5bc4399f1556-32
NA19451.alt_bwamem_GRCh38DH.20150826.LWK.exome.cram	1598407805	1.48863327224	06e20d7777ac477ea22f6a48520a8eeb-16
NA19452.alt_bwamem_GRCh38DH.20150826.LWK.exome.cram	1797828903	1.67435864266	458dd74b82c51e297ebdd505f02581f3-18
NA19454.alt_bwamem_GRCh38DH.20150826.LWK.exome.cram	1970105777	1.8348039845	1849efa52894b5b060ce40c1ac2a3673-19
NA19457.alt_bwamem_GRCh38DH.20150826.LWK.exome.cram	3816977848	3.55483763665	244225c4f7ee3425a47b64beb9fcfc05-37
NA19655.alt_bwamem_GRCh38DH.20150826.MXL.exome.cram	4455390792	4.14940602332	f6324b80940cea86ab7fde97e03d41dc-43
NA19658.alt_bwamem_GRCh38DH.20150826.MXL.exome.cram	4300554101	4.00520311762	2e4786a202d432660d1b92c2578f1613-42
NA19661.alt_bwamem_GRCh38DH.20150826.MXL.exome.cram	4286904134	3.99249059521	6d4e4486d92a2a7434a96d545d254219-41
NA19675.alt_bwamem_GRCh38DH.20150826.MXL.exome.cram	4275709088	3.98206439614	27863aec0b4bf01d08dd9230340dbcdb-41
NA19700.alt_bwamem_GRCh38DH.20150826.ASW.exome.cram	4330604982	4.03319018148	c7db39ae0e8919acbbcd7b8fc61462a3-42
NA19703.alt_bwamem_GRCh38DH.20150826.ASW.exome.cram	4251549749	3.95956425834	c035bdc8f2167ab4da9b17559b0b69e8-41
NA19704.alt_bwamem_GRCh38DH.20150826.ASW.exome.cram	4625193752	4.30754735321	a625bfa260f1f3d4a7781267fb949d3a-45
NA19711.alt_bwamem_GRCh38DH.20150826.ASW.exome.cram	3885500226	3.61865407415	fa389fbf3d2d64ed810450ed57669eb7-38
NA19713.alt_bwamem_GRCh38DH.20150826.ASW.exome.cram	4240873087	3.949620842	e8212708fcc79ea0479fda873bbe75b5-41
NA19716.alt_bwamem_GRCh38DH.20150826.MXL.exome.cram	4265843642	3.97287648357	bc2ca0564bdd830780aca7a596a4cd98-41
NA19720.alt_bwamem_GRCh38DH.20150826.MXL.exome.cram	4788957882	4.46006458439	34beb69121c9871e0ab58db4a0f78d54-46
NA19722.alt_bwamem_GRCh38DH.20150826.MXL.exome.cram	4615638437	4.29864827264	3295e941d2af409c261295f0110ae3d0-45
NA19728.alt_bwamem_GRCh38DH.20150826.MXL.exome.cram	3853633991	3.58897633012	39928d758468b9c24ce08052453af7cb-37
NA19734.alt_bwamem_GRCh38DH.20150826.MXL.exome.cram	3455672528	3.2183458358	5e445e760165bc96141a8afba17cfd4a-33
NA19735.alt_bwamem_GRCh38DH.20150826.MXL.exome.cram	3164123962	2.94682007469	f8cbb72a2bf96cbac83f23ea808e0ace-31
NA19741.alt_bwamem_GRCh38DH.20150826.MXL.exome.cram	1887220003	1.75761059206	fee04489e9c72968a02e61331dd2556e-18
NA19750.alt_bwamem_GRCh38DH.20150826.MXL.exome.cram	3296999536	3.07057009637	26ffb271847f5b11d05f5d3ed2263a45-32
NA19755.alt_bwamem_GRCh38DH.20150826.MXL.exome.cram	4042957608	3.76529768854	8c02843bfed8caffd90ca8906fbf00cf-39
NA19756.alt_bwamem_GRCh38DH.20150826.MXL.exome.cram	3067541752	2.85687088221	66bc75d6810a3dd4e07f4a670c5572f3-30
NA19771.alt_bwamem_GRCh38DH.20150826.MXL.exome.cram	2974154237	2.76989698131	64a763d9e40695cccff32479f4119f3d-29
NA19777.alt_bwamem_GRCh38DH.20150826.MXL.exome.cram	2456784729	2.28805907909	ec455796a1ed84d504a54070637ce518-24
NA19780.alt_bwamem_GRCh38DH.20150826.MXL.exome.cram	3605129045	3.35753806401	2fd3163949d0020b7e80ed41e06ec5d9-35
NA19792.alt_bwamem_GRCh38DH.20150826.MXL.exome.cram	2284342574	2.12745980732	0158cd842c033e9986a10819b7905014-22
NA19794.alt_bwamem_GRCh38DH.20150826.MXL.exome.cram	2114067293	1.96887859423	14e4070837c14d930b8305da4d854bc7-21
NA19917.alt_bwamem_GRCh38DH.20150826.ASW.exome.cram	4327436824	4.03023960441	2e42818c0680dcde678f5ce4d65921b1-42
NA19920.alt_bwamem_GRCh38DH.20150826.ASW.exome.cram	4647507503	4.32832865324	70eab5c3f735f90d58c16afe87f89f13-45
NA20127.alt_bwamem_GRCh38DH.20150826.ASW.exome.cram	2412475411	2.24679281097	80c07ec728eee8dc8223c20fde45e735-24
NA20274.alt_bwamem_GRCh38DH.20150826.ASW.exome.cram	4492414414	4.18388695829	693fb98df8b880f6a013dc2f2567c65e-43
NA20282.alt_bwamem_GRCh38DH.20150826.ASW.exome.cram	3123849732	2.90931177512	db8dcbdb125c8c99e272ffb6caac89b5-30
NA20294.alt_bwamem_GRCh38DH.20150826.ASW.exome.cram	2943380545	2.74123674724	14fb9fbc8f41c4f15d1748a6fd5ef5e5-29
NA20299.alt_bwamem_GRCh38DH.20150826.ASW.exome.cram	3018947643	2.81161409151	8aef150cfc4ca9ef04c9d02f470ccca5-29
NA20317.alt_bwamem_GRCh38DH.20150826.ASW.exome.cram	2864234582	2.66752632521	0c503281559aefa7589b0675feacf370-28
NA20332.alt_bwamem_GRCh38DH.20150826.ASW.exome.cram	3681509795	3.42867318075	cb5a11ac151dab47c366c885e78b5164-36
NA20341.alt_bwamem_GRCh38DH.20150826.ASW.exome.cram	3741766510	3.4847916197	d81088faadc669f08d0eb79ed5acc0c9-36
NA20357.alt_bwamem_GRCh38DH.20150826.ASW.exome.cram	1917966569	1.78624556307	7173b7ace317572c8dd4bf80e2f6423e-19
NA20359.alt_bwamem_GRCh38DH.20150826.ASW.exome.cram	1651534149	1.53811103571	3d5b2019a3dc3c282dd0085b7de992cf-16
NA20362.alt_bwamem_GRCh38DH.20150826.ASW.exome.cram	2432006167	2.26498224493	783d1bc5f7919b2d0ab05a9b78764797-24
NA20412.alt_bwamem_GRCh38DH.20150826.ASW.exome.cram	1988898004	1.85230560973	aa308930def6f0f442e16de996b227a7-19
NA20503.alt_bwamem_GRCh38DH.20150826.TSI.exome.cram	2607151327	2.42809888627	6648a1ebb838e1973e059610d8282b3d-25
NA20505.alt_bwamem_GRCh38DH.20150826.TSI.exome.cram	1752584584	1.632221587	a2c4d99f3bc61fab9b51318ed4aefa5f-17
NA20506.alt_bwamem_GRCh38DH.20150826.TSI.exome.cram	1617827964	1.50671970472	c526487aecddf4de66529a7bb06bc679-16
NA20509.alt_bwamem_GRCh38DH.20150826.TSI.exome.cram	1940186459	1.80693944823	64e9f553e2d14b0c900887c128ee1b84-19
NA20518.alt_bwamem_GRCh38DH.20150826.TSI.exome.cram	2213175022	2.06117985956	a5212f639a65b43edfc82fc25a66e273-22
NA20520.alt_bwamem_GRCh38DH.20150826.TSI.exome.cram	2422522304	2.25614970922	cd56e76d968d616cfe993461662bf2fd-24
NA20522.alt_bwamem_GRCh38DH.20150826.TSI.exome.cram	2260914405	2.10564062465	e3369b1c5780c6f1990c4c4628b3a8dd-22
NA20524.alt_bwamem_GRCh38DH.20150826.TSI.exome.cram	1449198420	1.34967120364	7c503836063cf0e2d598d5c89b619435-14
NA20527.alt_bwamem_GRCh38DH.20150826.TSI.exome.cram	2614853277	2.43527188618	02aa8c4b936ee53fb7f8e67424d84848-25
NA20534.alt_bwamem_GRCh38DH.20150826.TSI.exome.cram	2256905096	2.10190666467	8df0ad6579f7187e89d2f121773750dc-22
NA20538.alt_bwamem_GRCh38DH.20150826.TSI.exome.cram	2992467608	2.78695263714	41e3fad461e443b70895022813969db8-29
NA20541.alt_bwamem_GRCh38DH.20150826.TSI.exome.cram	2626718444	2.44632218406	40efa88b7cf8441e94892ec11fabbad1-26
NA20581.alt_bwamem_GRCh38DH.20150826.TSI.exome.cram	3502172985	3.26165276114	133735b68322026022518a9c2680194c-34
NA20582.alt_bwamem_GRCh38DH.20150826.TSI.exome.cram	3778379732	3.51889033988	7a58e3d0b7cb9bfc270b5545eda4724e-37
NA20586.alt_bwamem_GRCh38DH.20150826.TSI.exome.cram	2959933823	2.75665318873	7857fb270a7ae456435b17b9ba50bf4c-29
NA20587.alt_bwamem_GRCh38DH.20150826.TSI.exome.cram	2619444736	2.43954801559	d2c67cd7478c958af3a6dbe4b047a74d-25
NA20588.alt_bwamem_GRCh38DH.20150826.TSI.exome.cram	3651442810	3.40067111887	f6abc77131f91e43018ad246e47f6ac2-35
NA20589.alt_bwamem_GRCh38DH.20150826.TSI.exome.cram	3851009192	3.58653179556	0415f4a80e9451ece9373a91de289de6-37
NA20752.alt_bwamem_GRCh38DH.20150826.TSI.exome.cram	3797111522	3.53633567877	2df0b3828410a2f451711a7b82bb88a7-37
NA20756.alt_bwamem_GRCh38DH.20150826.TSI.exome.cram	4109708543	3.82746434119	86f2b60f91dfef9be3f5de2206b29876-40
NA20759.alt_bwamem_GRCh38DH.20150826.TSI.exome.cram	3865248600	3.59979327768	5cd745eee4a86062724965d7db8f6f83-37
NA20772.alt_bwamem_GRCh38DH.20150826.TSI.exome.cram	4682411306	4.36083535291	eca542ed35de79e4fdda24c736742564-45
NA20774.alt_bwamem_GRCh38DH.20150826.TSI.exome.cram	4288571474	3.99404342659	73260e6ec693ca94000150fbfff826c7-41
NA20787.alt_bwamem_GRCh38DH.20150826.TSI.exome.cram	4589641085	4.27443635184	d5977ae9b0ef22cff0e3ea91550f4030-44
NA20802.alt_bwamem_GRCh38DH.20150826.TSI.exome.cram	6623047644	6.16819378361	ce1b31a701eb65b63f98b7f529bcdd73-64
NA20808.alt_bwamem_GRCh38DH.20150826.TSI.exome.cram	2740942634	2.55270175077	7d8e7c24e6d3a1ccef08133ddd006b2b-27
NA20810.alt_bwamem_GRCh38DH.20150826.TSI.exome.cram	2848532701	2.65290280897	b2430896bb5402dfbadcdb80169c0f8c-28
NA20814.alt_bwamem_GRCh38DH.20150826.TSI.exome.cram	3059442063	2.849327459	ceecf4737d0bd16add152434587b3564-30
NA20822.alt_bwamem_GRCh38DH.20150826.TSI.exome.cram	3628229685	3.37905221153	84e0d69e4dd8b0e214ea0f1e83ba7ce5-35
NA20826.alt_bwamem_GRCh38DH.20150826.TSI.exome.cram	4681358863	4.35985518899	ee00611ef4494e911b39ab8b2a762961-45
NA20831.alt_bwamem_GRCh38DH.20150826.TSI.exome.cram	2234206824	2.08076725155	958fbf3518fd14e1a7c223dd0a1bf44d-22
NA20850.alt_bwamem_GRCh38DH.20150826.GIH.exome.cram	3352696997	3.12244239915	4df43d03fd871bcd9a7329b9d33a1e47-32
NA20851.alt_bwamem_GRCh38DH.20150826.GIH.exome.cram	3608818978	3.36097458191	5d8bbaf5272fc2703d855f46ab8f4a4f-35
NA20852.alt_bwamem_GRCh38DH.20150826.GIH.exome.cram	3606675345	3.35897816811	aadfc10896e7bdce0024156a30f0f81c-35
NA20856.alt_bwamem_GRCh38DH.20150826.GIH.exome.cram	3677304437	3.42475663591	bf588687986dedf75b6d995cf7439309-36
NA20861.alt_bwamem_GRCh38DH.20150826.GIH.exome.cram	3851356488	3.58685524017	5b1b3c7f8e31d84d7982a6ad993b0659-37
NA20864.alt_bwamem_GRCh38DH.20150826.GIH.exome.cram	3534346087	3.29161629733	06e0da89ceeabb6324659f899093f3f5-34
NA20871.alt_bwamem_GRCh38DH.20150826.GIH.exome.cram	3949774600	3.67851424962	035036286cef6547b21ed265f60ab052-38
NA20876.alt_bwamem_GRCh38DH.20150826.GIH.exome.cram	3841857551	3.5780086657	bc3b8a43797e3c5ea62c574209fee383-37
NA20878.alt_bwamem_GRCh38DH.20150826.GIH.exome.cram	2368202384	2.20556034148	8f79dc470adbf047dbc8ef69e309aba6-23
NA20889.alt_bwamem_GRCh38DH.20150826.GIH.exome.cram	3699321992	3.44526208192	b7b5435ae55b3e2059441c1d019a3ea5-36
NA20890.alt_bwamem_GRCh38DH.20150826.GIH.exome.cram	3812316442	3.55049636401	c5f2fd43f293beed652a7e46bd6c8cfd-37
NA20897.alt_bwamem_GRCh38DH.20150826.GIH.exome.cram	3546833688	3.30324628204	63d9c7f98a7adf8c438b703039b8e527-34
NA20898.alt_bwamem_GRCh38DH.20150826.GIH.exome.cram	3618440951	3.36993574258	7cddad10eaad3c2c276e4070fef27150-35
NA20903.alt_bwamem_GRCh38DH.20150826.GIH.exome.cram	3599291227	3.35210117232	dcc2c1316f6cdd2e0198d957c9aef6ca-35
NA20906.alt_bwamem_GRCh38DH.20150826.GIH.exome.cram	3831959827	3.5687906919	ec442396245373429a3301e0d78693dd-37
NA21090.alt_bwamem_GRCh38DH.20150826.GIH.exome.cram	4209692889	3.92058201972	60736816d44d1620f9819835cbf41175-41
NA21091.alt_bwamem_GRCh38DH.20150826.GIH.exome.cram	3853491519	3.58884364273	f45dc7a0aa84ef5dab1646b6226f86cb-37
NA21093.alt_bwamem_GRCh38DH.20150826.GIH.exome.cram	2539710668	2.3652898781	b5ffba5e37999f6fc26e31ff3b0be53a-25
NA21095.alt_bwamem_GRCh38DH.20150826.GIH.exome.cram	2546249182	2.37137934379	3fe9f842913a75b6c069df80855f8146-25
NA21098.alt_bwamem_GRCh38DH.20150826.GIH.exome.cram	4075747949	3.79583607335	1d5ca6df37032df8a7b9f41fae09fb3f-39
NA21104.alt_bwamem_GRCh38DH.20150826.GIH.exome.cram	1801536137	1.67781127337	b22483de7f4cd885211d028ff9232bee-18
NA21107.alt_bwamem_GRCh38DH.20150826.GIH.exome.cram	2250603592	2.09603793174	f40035c082d46c2334e8dd7a8516afd4-22
NA21110.alt_bwamem_GRCh38DH.20150826.GIH.exome.cram	2917325651	2.71697123628	4feca6cca00ce09249690bf723ee1b58-28
NA21119.alt_bwamem_GRCh38DH.20150826.GIH.exome.cram	1817472545	1.6926532099	0171fcaa297e24be27d2237fc4fa5da9-18
NA21121.alt_bwamem_GRCh38DH.20150826.GIH.exome.cram	2724887271	2.53774902876	b7cf0f12ae11ca55bb52d6db83249f6e-26
NA21125.alt_bwamem_GRCh38DH.20150826.GIH.exome.cram	1881769300	1.75253422931	19575c608e87510a4bfc27ceb6db920e-18
NA21127.alt_bwamem_GRCh38DH.20150826.GIH.exome.cram	4428410431	4.12427860405	ec69102da6b57a6163e0516ed397fe74-43
NA21128.alt_bwamem_GRCh38DH.20150826.GIH.exome.cram	4761651783	4.43463379797	6beda9472cd6e19805ff24aebae58bb4-46
thisisatest.ss.txt	26	2.421438694e-08	b40b760d6957f9a798d98d53977b2434
